Log file open, 09/14/18 16:04:39
LogInit: Display: Running engine for game: CaveTree
LogPlatformFile: Not using cached read wrapper
LogTaskGraph: Started task graph with 5 named threads and 8 total threads with 3 sets of task threads.
LogStats: Stats thread started at 0.131563
LogICUInternationalization: Display: ICU TimeZone Detection - Raw Offset: +0:00, Platform Override: ''
LogPluginManager: Mounting plugin Paper2D
LogPluginManager: Mounting plugin MediaPlayerEditor
LogPluginManager: Mounting plugin WmfMedia
LogPluginManager: Mounting plugin AndroidMedia
LogPluginManager: Mounting plugin MediaCompositing
LogPluginManager: Mounting plugin LinearTimecode
LogPluginManager: Mounting plugin AvfMedia
LogPluginManager: Mounting plugin ImgMedia
LogPluginManager: Mounting plugin DatasmithContent
LogPluginManager: Mounting plugin MagicLeapMedia
LogPluginManager: Mounting plugin MagicLeapEmulator
LogPluginManager: Mounting plugin MagicLeap
LogPluginManager: Mounting plugin LauncherChunkInstaller
LogPluginManager: Mounting plugin NullSourceCodeAccess
LogPluginManager: Mounting plugin VisualStudioCodeSourceCodeAccess
LogPluginManager: Mounting plugin CLionSourceCodeAccess
LogPluginManager: Mounting plugin SubversionSourceControl
LogPluginManager: Mounting plugin PerforceSourceControl
LogPluginManager: Mounting plugin XCodeSourceCodeAccess
LogPluginManager: Mounting plugin UObjectPlugin
LogPluginManager: Mounting plugin GitSourceControl
LogPluginManager: Mounting plugin CodeLiteSourceCodeAccess
LogPluginManager: Mounting plugin KDevelopSourceCodeAccess
LogPluginManager: Mounting plugin VisualStudioSourceCodeAccess
LogPluginManager: Mounting plugin AISupport
LogPluginManager: Mounting plugin OnlineSubsystemNull
LogPluginManager: Mounting plugin OnlineSubsystem
LogPluginManager: Mounting plugin OnlineSubsystemGooglePlay
LogPluginManager: Mounting plugin OnlineSubsystemUtils
LogPluginManager: Mounting plugin OnlineSubsystemIOS
LogPluginManager: Mounting plugin NUTUnrealEngine4
LogPluginManager: Mounting plugin NetcodeUnitTest
LogPluginManager: Mounting plugin UdpMessaging
LogPluginManager: Mounting plugin TcpMessaging
LogPluginManager: Mounting plugin AppleVision
LogPluginManager: Mounting plugin GeometryCache
LogPluginManager: Mounting plugin AlembicImporter
LogPluginManager: Mounting plugin AppleImageUtils
LogPluginManager: Mounting plugin HTML5Networking
LogPluginManager: Mounting plugin CharacterAI
LogPluginManager: Mounting plugin ProxyLODPlugin
LogPluginManager: Mounting plugin BackChannel
LogPluginManager: Mounting plugin LevelSequenceEditor
LogPluginManager: Mounting plugin MatineeToLevelSequence
LogPluginManager: Mounting plugin ActorSequence
LogPluginManager: Mounting plugin CableComponent
LogPluginManager: Mounting plugin PhysXVehicles
LogPluginManager: Mounting plugin EditableMesh
LogPluginManager: Mounting plugin CustomMeshComponent
LogPluginManager: Mounting plugin MobilePatchingUtils
LogPluginManager: Mounting plugin AppleMoviePlayer
LogPluginManager: Mounting plugin OculusVR
LogPluginManager: Plugin shader directory ../../../Engine/Plugins/Runtime/Oculus/OculusVR/Shaders found
LogPluginManager: Mapping shader source directory ../../../Engine/Plugins/Runtime/Oculus/OculusVR/Shaders to virtual directory /Plugin/OculusVR
LogPluginManager: Mounting plugin AndroidMoviePlayer
LogPluginManager: Mounting plugin WindowsMoviePlayer
LogPluginManager: Mounting plugin ExampleDeviceProfileSelector
LogPluginManager: Mounting plugin SteamVR
LogPluginManager: Mounting plugin AndroidDeviceProfileSelector
LogPluginManager: Mounting plugin RuntimePhysXCooking
LogPluginManager: Mounting plugin ImmediatePhysics
LogPluginManager: Mounting plugin AudioCapture
LogPluginManager: Mounting plugin IOSDeviceProfileSelector
LogPluginManager: Mounting plugin AndroidPermission
LogPluginManager: Mounting plugin GoogleCloudMessaging
LogPluginManager: Mounting plugin LinuxDeviceProfileSelector
LogPluginManager: Mounting plugin ProceduralMeshComponent
LogPluginManager: Mounting plugin LocationServicesBPLibrary
LogPluginManager: Mounting plugin ArchVisCharacter
LogPluginManager: Mounting plugin AssetManagerEditor
LogPluginManager: Mounting plugin MacGraphicsSwitching
LogPluginManager: Mounting plugin FacialAnimation
LogPluginManager: Mounting plugin CryptoKeys
LogPluginManager: Mounting plugin MeshEditor
LogPluginManager: Mounting plugin DataValidation
LogPluginManager: Mounting plugin MobileLauncherProfileWizard
LogPluginManager: Mounting plugin PluginBrowser
LogPluginManager: Mounting plugin SpeedTreeImporter
LogPluginManager: Mounting plugin GameplayTagsEditor
LogPluginManager: Mounting plugin LightPropagationVolume
LogStreaming: Display: Took  0.916s to configure plugins.
LogInit: Using libcurl 7.48.0-DEV
LogInit:  - built for x86_64-unknown-linux-gnu
LogInit:  - supports SSL with OpenSSL/1.0.2h
LogInit:  - supports HTTP deflate (compression) using libz 1.2.8
LogInit:  - other features:
LogInit:      CURL_VERSION_SSL
LogInit:      CURL_VERSION_LIBZ
LogInit:      CURL_VERSION_IPV6
LogInit:      CURL_VERSION_ASYNCHDNS
LogInit:      CURL_VERSION_LARGEFILE
LogInit:      CURL_VERSION_TLSAUTH_SRP
LogInit:  Libcurl: checking if '/etc/pki/tls/certs/ca-bundle.crt' exists
LogInit:  CurlRequestOptions (configurable via config and command line):
LogInit:  - bVerifyPeer = true  - Libcurl will verify peer certificate
LogInit:  - bUseHttpProxy = false  - Libcurl will NOT use HTTP proxy
LogInit:  - bDontReuseConnections = false  - Libcurl will reuse connections
LogInit:  - CertBundlePath = /etc/pki/tls/certs/ca-bundle.crt  - Libcurl will set CURLOPT_CAINFO to it
LogInit:  - MaxHostConnections = 16  - Libcurl will limit the number of connections to a host
LogInit:  - LocalHostAddr = Default
LogInit:  - BufferSize = 65536
LogInit: Build: ++UE4+Release-4.20-CL-0
LogInit: Engine Version: 4.20.2-0+++UE4+Release-4.20
LogInit: Compatible Engine Version: 4.20.0-0+++UE4+Release-4.20
LogInit: Net CL: 0
LogInit: OS: GenericOSVersionLabel (GenericOSSubVersionLabel), CPU: Intel(R) Core(TM) i3-4010U CPU @ 1.70GHz, GPU: GenericGPUBrand
LogInit: Compiled (64-bit): Sep 13 2018 22:55:28
LogInit: Compiled with Clang: 5.0.0 (tags/RELEASE_500/final)
LogInit: Build Configuration: Development
LogInit: Branch Name: ++UE4+Release-4.20
LogInit: Command Line:  -opengl4
LogInit: Base Directory: /home/john/Documents/Projects/UnrealEngine/Engine/Binaries/Linux/
LogInit: Installed Engine Build: 0
LogDevObjectVersion: Number of dev versions registered: 20
LogDevObjectVersion:   Dev-Blueprints (B0D832E4-1F89-4F0D-ACCF-7EB736FD4AA2): 10
LogDevObjectVersion:   Dev-Build (E1C64328-A22C-4D53-A36C-8E866417BD8C): 0
LogDevObjectVersion:   Dev-Core (375EC13C-06E4-48FB-B500-84F0262A717E): 2
LogDevObjectVersion:   Dev-Editor (E4B068ED-F494-42E9-A231-DA0B2E46BB41): 24
LogDevObjectVersion:   Dev-Framework (CFFC743F-43B0-4480-9391-14DF171D2073): 34
LogDevObjectVersion:   Dev-Mobile (B02B49B5-BB20-44E9-A304-32B752E40360): 2
LogDevObjectVersion:   Dev-Networking (A4E4105C-59A1-49B5-A7C5-40C4547EDFEE): 0
LogDevObjectVersion:   Dev-Online (39C831C9-5AE6-47DC-9A44-9C173E1C8E7C): 0
LogDevObjectVersion:   Dev-Physics (78F01B33-EBEA-4F98-B9B4-84EACCB95AA2): 0
LogDevObjectVersion:   Dev-Platform (6631380F-2D4D-43E0-8009-CF276956A95A): 0
LogDevObjectVersion:   Dev-Rendering (12F88B9F-8875-4AFC-A67C-D90C383ABD29): 26
LogDevObjectVersion:   Dev-Sequencer (7B5AE74C-D270-4C10-A958-57980B212A5A): 9
LogDevObjectVersion:   Dev-VR (D7296918-1DD6-4BDD-9DE2-64A83CC13884): 2
LogDevObjectVersion:   Dev-LoadTimes (C2A15278-BFE7-4AFE-6C17-90FF531DF755): 1
LogDevObjectVersion:   Private-Geometry (6EACA3D4-40EC-4CC1-B786-8BED09428FC5): 3
LogDevObjectVersion:   Dev-AnimPhys (29E575DD-E0A3-4627-9D10-D276232CDCEA): 17
LogDevObjectVersion:   Dev-ReflectionCapture (6B266CEC-1EC7-4B8F-A30B-E4D90942FC07): 1
LogDevObjectVersion:   Dev-Automation (0DF73D61-A23F-47EA-B727-89E90C41499A): 1
LogDevObjectVersion:   FortniteMain (601D1886-AC64-4F84-AA16-D3DE0DEAC7D6): 12
LogDevObjectVersion:   Dev-Enterprise (9DFFBCD6-494F-0158-E221-12823C92A888): 1
LogStreaming: Display: Took  0.000s to delete old logs.
LogInit: Presizing for max 8388607 objects, including 0 objects not considered by GC, pre-allocating 0 bytes for permanent pool.
LogInit: Object subsystem initialized
[2018.09.14-15.04.41:680][  0]LogInit: Initializing SDL.
[2018.09.14-15.04.41:765][  0]LogInit: Initialized SDL 2.0.5 revision: 11184 (hg-11184:04063928c4a8 with EpicExtensions) (compiled against 2.0.5)
[2018.09.14-15.04.41:765][  0]LogInit: Using SDL_WINDOW_OPENGL
[2018.09.14-15.04.41:765][  0]LogInit: Using SDL video driver 'x11'
[2018.09.14-15.04.41:765][  0]LogInit: Display metrics:
[2018.09.14-15.04.41:765][  0]LogInit:   PrimaryDisplayWidth: 1600
[2018.09.14-15.04.41:765][  0]LogInit:   PrimaryDisplayHeight: 900
[2018.09.14-15.04.41:765][  0]LogInit:   PrimaryDisplayWorkAreaRect:
[2018.09.14-15.04.41:765][  0]LogInit:     Left=0, Top=27, Right=1600, Bottom=900
[2018.09.14-15.04.41:765][  0]LogInit:   VirtualDisplayRect:
[2018.09.14-15.04.41:765][  0]LogInit:     Left=0, Top=27, Right=1600, Bottom=900
[2018.09.14-15.04.41:765][  0]LogInit:   TitleSafePaddingSize: X=0.000 Y=0.000 Z=0.000 W=0.000
[2018.09.14-15.04.41:765][  0]LogInit:   ActionSafePaddingSize: X=0.000 Y=0.000 Z=0.000 W=0.000
[2018.09.14-15.04.41:765][  0]LogInit:   Number of monitors: 1
[2018.09.14-15.04.41:765][  0]LogInit:     Monitor 0
[2018.09.14-15.04.41:765][  0]LogInit:       Name: XWAYLAND0 18"
[2018.09.14-15.04.41:765][  0]LogInit:       ID: display0
[2018.09.14-15.04.41:765][  0]LogInit:       NativeWidth: 1600
[2018.09.14-15.04.41:765][  0]LogInit:       NativeHeight: 900
[2018.09.14-15.04.41:765][  0]LogInit:       bIsPrimary: true
[2018.09.14-15.04.41:766][  0]LogLinux: Selected Device Profile: [Linux]
[2018.09.14-15.04.41:766][  0]LogInit: Applying CVar settings loaded from the selected device profile: [Linux]
[2018.09.14-15.04.41:785][  0]LogHAL: Display: Platform has ~ 4 GB [6127529984 / 4294967296 / 6], which maps to Smallest [LargestMinGB=32, LargerMinGB=12, DefaultMinGB=8, SmallerMinGB=6, SmallestMinGB=0)
[2018.09.14-15.04.41:785][  0]LogInit: Going up to parent DeviceProfile []
[2018.09.14-15.04.41:786][  0]LogInit: Using custom *.sym to symbolicate
[2018.09.14-15.04.41:786][  0]LogInit: Unix hardware info:
[2018.09.14-15.04.41:786][  0]LogInit:  - we are the first instance of this executable
[2018.09.14-15.04.41:786][  0]LogInit:  - this process' id (pid) is 8939, parent process' id (ppid) is 1622
[2018.09.14-15.04.41:786][  0]LogInit:  - we are not running under debugger
[2018.09.14-15.04.41:786][  0]LogInit:  - machine network name is 'localhost.localdomain'
[2018.09.14-15.04.41:786][  0]LogInit:  - user name is 'john' (john)
[2018.09.14-15.04.41:786][  0]LogInit:  - we're logged in locally
[2018.09.14-15.04.41:786][  0]LogInit:  - we're running with rendering
[2018.09.14-15.04.41:786][  0]LogInit:  - CPU: GenuineIntel 'Intel(R) Core(TM) i3-4010U CPU @ 1.70GHz' (signature: 0x40651)
[2018.09.14-15.04.41:787][  0]LogInit:  - Number of physical cores available for the process: 2
[2018.09.14-15.04.41:787][  0]LogInit:  - Number of logical cores available for the process: 4
[2018.09.14-15.04.41:787][  0]LogInit:  - Cache line size: 64
[2018.09.14-15.04.41:787][  0]LogInit:  - Memory allocator used: binned2
[2018.09.14-15.04.41:787][  0]LogCore: Benchmarking clocks:
[2018.09.14-15.04.41:787][  0]LogCore:  - CLOCK_REALTIME (id=0) can sustain 28046112 (28046K, 28M) calls per second without zero deltas.
[2018.09.14-15.04.41:787][  0]LogCore:  - CLOCK_MONOTONIC (id=1) can sustain 28010770 (28011K, 28M) calls per second without zero deltas.
[2018.09.14-15.04.41:787][  0]LogCore:  - CLOCK_MONOTONIC_RAW (id=4) can sustain 2013903 (2014K, 2M) calls per second without zero deltas.
[2018.09.14-15.04.41:787][  0]LogCore:  - CLOCK_MONOTONIC_COARSE (id=6) can sustain 92613944 (92614K, 93M) calls per second with 99.998909% zero deltas.
[2018.09.14-15.04.41:787][  0]LogCore: Selected clock_id 0 (CLOCK_REALTIME) since it is the fastest support clock without zero deltas.
[2018.09.14-15.04.41:787][  0]LogInit: Unix-specific commandline switches:
[2018.09.14-15.04.41:787][  0]LogInit:  -nodwarf (currently OFF): suppress parsing of DWARF debug info (callstacks will be generated faster, but won't have line numbers)
[2018.09.14-15.04.41:787][  0]LogInit:  -ansimalloc - use malloc()/free() from libc (useful for tools like valgrind and electric fence)
[2018.09.14-15.04.41:787][  0]LogInit:  -jemalloc - use jemalloc for all memory allocation
[2018.09.14-15.04.41:787][  0]LogInit:  -binnedmalloc - use binned malloc  for all memory allocation
[2018.09.14-15.04.41:787][  0]LogInit:  -filemapcachesize=NUMBER - set the size for case-sensitive file mapping cache
[2018.09.14-15.04.41:787][  0]LogInit:  -httpproxy=ADDRESS:PORT - redirects HTTP requests to a proxy (only supported if compiled with libcurl)
[2018.09.14-15.04.41:787][  0]LogInit:  -reuseconn - allow libcurl to reuse HTTP connections (only matters if compiled with libcurl)
[2018.09.14-15.04.41:787][  0]LogInit:  -virtmemkb=NUMBER - sets process virtual memory (address space) limit (overrides VirtualMemoryLimitInKB value from .ini)
[2018.09.14-15.04.41:788][  0]LogInit:  - Physical RAM available (not considering process quota): 6 GB (5843 MB, 5983916 KB, 6127529984 bytes)
[2018.09.14-15.04.42:037][  0]LogInit: Using OS detected language (en-IE).
[2018.09.14-15.04.42:037][  0]LogInit: Using OS detected locale (en-IE).
[2018.09.14-15.04.42:038][  0]LogTextLocalizationManager: No specific localization for 'en-IE' exists, so the 'en' localization will be used.
[2018.09.14-15.04.42:840][  0]LogStreaming: Display: Took  0.803s to InitEngineTextLocalization.
[2018.09.14-15.04.42:948][  0]LogSlate: New Slate User Created.  User Index 0, Is Virtual User: 0
[2018.09.14-15.04.42:948][  0]LogSlate: Slate User Registered.  User Index 0, Is Virtual User: 0
[2018.09.14-15.04.44:625][  0]LogRHI: Initializing OpenGL RHI
[2018.09.14-15.04.44:625][  0]LogRHI:   GL_VENDOR: Intel Open Source Technology Center
[2018.09.14-15.04.44:625][  0]LogRHI:   GL_RENDERER: Mesa DRI Intel(R) Haswell Mobile 
[2018.09.14-15.04.44:625][  0]LogRHI:   GL_VERSION: 4.5 (Core Profile) Mesa 18.0.5
[2018.09.14-15.04.44:625][  0]LogRHI:   GL_SHADING_LANGUAGE_VERSION: 4.50
[2018.09.14-15.04.44:625][  0]LogRHI: OpenGL Extensions:
[2018.09.14-15.04.44:625][  0]LogRHI:   GL_3DFX_texture_compression_FXT1
[2018.09.14-15.04.44:625][  0]LogRHI:   GL_AMD_conservative_depth
[2018.09.14-15.04.44:625][  0]LogRHI:   GL_AMD_draw_buffers_blend
[2018.09.14-15.04.44:625][  0]LogRHI:   GL_AMD_seamless_cubemap_per_texture
[2018.09.14-15.04.44:625][  0]LogRHI:   GL_AMD_shader_trinary_minmax
[2018.09.14-15.04.44:625][  0]LogRHI:   GL_AMD_vertex_shader_layer
[2018.09.14-15.04.44:625][  0]LogRHI:   GL_AMD_vertex_shader_viewport_index
[2018.09.14-15.04.44:625][  0]LogRHI:   GL_ANGLE_texture_compression_dxt3
[2018.09.14-15.04.44:625][  0]LogRHI:   GL_ANGLE_texture_compression_dxt5
[2018.09.14-15.04.44:625][  0]LogRHI:   GL_APPLE_object_purgeable
[2018.09.14-15.04.44:625][  0]LogRHI:   GL_ARB_ES2_compatibility
[2018.09.14-15.04.44:625][  0]LogRHI:   GL_ARB_ES3_1_compatibility
[2018.09.14-15.04.44:625][  0]LogRHI:   GL_ARB_ES3_compatibility
[2018.09.14-15.04.44:625][  0]LogRHI:   GL_ARB_arrays_of_arrays
[2018.09.14-15.04.44:625][  0]LogRHI:   GL_ARB_base_instance
[2018.09.14-15.04.44:625][  0]LogRHI:   GL_ARB_blend_func_extended
[2018.09.14-15.04.44:625][  0]LogRHI:   GL_ARB_buffer_storage
[2018.09.14-15.04.44:626][  0]LogRHI:   GL_ARB_clear_buffer_object
[2018.09.14-15.04.44:626][  0]LogRHI:   GL_ARB_clear_texture
[2018.09.14-15.04.44:626][  0]LogRHI:   GL_ARB_clip_control
[2018.09.14-15.04.44:626][  0]LogRHI:   GL_ARB_compressed_texture_pixel_storage
[2018.09.14-15.04.44:626][  0]LogRHI:   GL_ARB_compute_shader
[2018.09.14-15.04.44:626][  0]LogRHI:   GL_ARB_conditional_render_inverted
[2018.09.14-15.04.44:626][  0]LogRHI:   GL_ARB_conservative_depth
[2018.09.14-15.04.44:626][  0]LogRHI:   GL_ARB_copy_buffer
[2018.09.14-15.04.44:626][  0]LogRHI:   GL_ARB_copy_image
[2018.09.14-15.04.44:626][  0]LogRHI:   GL_ARB_cull_distance
[2018.09.14-15.04.44:626][  0]LogRHI:   GL_ARB_debug_output
[2018.09.14-15.04.44:626][  0]LogRHI:   GL_ARB_depth_buffer_float
[2018.09.14-15.04.44:626][  0]LogRHI:   GL_ARB_depth_clamp
[2018.09.14-15.04.44:626][  0]LogRHI:   GL_ARB_derivative_control
[2018.09.14-15.04.44:626][  0]LogRHI:   GL_ARB_direct_state_access
[2018.09.14-15.04.44:626][  0]LogRHI:   GL_ARB_draw_buffers
[2018.09.14-15.04.44:626][  0]LogRHI:   GL_ARB_draw_buffers_blend
[2018.09.14-15.04.44:626][  0]LogRHI:   GL_ARB_draw_elements_base_vertex
[2018.09.14-15.04.44:626][  0]LogRHI:   GL_ARB_draw_indirect
[2018.09.14-15.04.44:626][  0]LogRHI:   GL_ARB_draw_instanced
[2018.09.14-15.04.44:626][  0]LogRHI:   GL_ARB_enhanced_layouts
[2018.09.14-15.04.44:626][  0]LogRHI:   GL_ARB_explicit_attrib_location
[2018.09.14-15.04.44:626][  0]LogRHI:   GL_ARB_explicit_uniform_location
[2018.09.14-15.04.44:626][  0]LogRHI:   GL_ARB_fragment_coord_conventions
[2018.09.14-15.04.44:626][  0]LogRHI:   GL_ARB_fragment_layer_viewport
[2018.09.14-15.04.44:626][  0]LogRHI:   GL_ARB_fragment_shader
[2018.09.14-15.04.44:626][  0]LogRHI:   GL_ARB_framebuffer_no_attachments
[2018.09.14-15.04.44:626][  0]LogRHI:   GL_ARB_framebuffer_object
[2018.09.14-15.04.44:626][  0]LogRHI:   GL_ARB_framebuffer_sRGB
[2018.09.14-15.04.44:626][  0]LogRHI:   GL_ARB_get_program_binary
[2018.09.14-15.04.44:626][  0]LogRHI:   GL_ARB_get_texture_sub_image
[2018.09.14-15.04.44:626][  0]LogRHI:   GL_ARB_gpu_shader5
[2018.09.14-15.04.44:626][  0]LogRHI:   GL_ARB_gpu_shader_fp64
[2018.09.14-15.04.44:626][  0]LogRHI:   GL_ARB_half_float_pixel
[2018.09.14-15.04.44:626][  0]LogRHI:   GL_ARB_half_float_vertex
[2018.09.14-15.04.44:626][  0]LogRHI:   GL_ARB_indirect_parameters
[2018.09.14-15.04.44:626][  0]LogRHI:   GL_ARB_instanced_arrays
[2018.09.14-15.04.44:626][  0]LogRHI:   GL_ARB_internalformat_query
[2018.09.14-15.04.44:626][  0]LogRHI:   GL_ARB_internalformat_query2
[2018.09.14-15.04.44:626][  0]LogRHI:   GL_ARB_invalidate_subdata
[2018.09.14-15.04.44:626][  0]LogRHI:   GL_ARB_map_buffer_alignment
[2018.09.14-15.04.44:627][  0]LogRHI:   GL_ARB_map_buffer_range
[2018.09.14-15.04.44:627][  0]LogRHI:   GL_ARB_multi_bind
[2018.09.14-15.04.44:627][  0]LogRHI:   GL_ARB_multi_draw_indirect
[2018.09.14-15.04.44:627][  0]LogRHI:   GL_ARB_occlusion_query2
[2018.09.14-15.04.44:627][  0]LogRHI:   GL_ARB_pipeline_statistics_query
[2018.09.14-15.04.44:627][  0]LogRHI:   GL_ARB_pixel_buffer_object
[2018.09.14-15.04.44:627][  0]LogRHI:   GL_ARB_point_sprite
[2018.09.14-15.04.44:627][  0]LogRHI:   GL_ARB_polygon_offset_clamp
[2018.09.14-15.04.44:627][  0]LogRHI:   GL_ARB_program_interface_query
[2018.09.14-15.04.44:627][  0]LogRHI:   GL_ARB_provoking_vertex
[2018.09.14-15.04.44:627][  0]LogRHI:   GL_ARB_query_buffer_object
[2018.09.14-15.04.44:627][  0]LogRHI:   GL_ARB_robust_buffer_access_behavior
[2018.09.14-15.04.44:627][  0]LogRHI:   GL_ARB_robustness
[2018.09.14-15.04.44:627][  0]LogRHI:   GL_ARB_sample_shading
[2018.09.14-15.04.44:627][  0]LogRHI:   GL_ARB_sampler_objects
[2018.09.14-15.04.44:627][  0]LogRHI:   GL_ARB_seamless_cube_map
[2018.09.14-15.04.44:627][  0]LogRHI:   GL_ARB_seamless_cubemap_per_texture
[2018.09.14-15.04.44:627][  0]LogRHI:   GL_ARB_separate_shader_objects
[2018.09.14-15.04.44:627][  0]LogRHI:   GL_ARB_shader_atomic_counter_ops
[2018.09.14-15.04.44:627][  0]LogRHI:   GL_ARB_shader_atomic_counters
[2018.09.14-15.04.44:627][  0]LogRHI:   GL_ARB_shader_bit_encoding
[2018.09.14-15.04.44:627][  0]LogRHI:   GL_ARB_shader_clock
[2018.09.14-15.04.44:627][  0]LogRHI:   GL_ARB_shader_draw_parameters
[2018.09.14-15.04.44:627][  0]LogRHI:   GL_ARB_shader_group_vote
[2018.09.14-15.04.44:627][  0]LogRHI:   GL_ARB_shader_image_load_store
[2018.09.14-15.04.44:627][  0]LogRHI:   GL_ARB_shader_image_size
[2018.09.14-15.04.44:627][  0]LogRHI:   GL_ARB_shader_objects
[2018.09.14-15.04.44:627][  0]LogRHI:   GL_ARB_shader_precision
[2018.09.14-15.04.44:627][  0]LogRHI:   GL_ARB_shader_storage_buffer_object
[2018.09.14-15.04.44:627][  0]LogRHI:   GL_ARB_shader_subroutine
[2018.09.14-15.04.44:627][  0]LogRHI:   GL_ARB_shader_texture_image_samples
[2018.09.14-15.04.44:627][  0]LogRHI:   GL_ARB_shader_texture_lod
[2018.09.14-15.04.44:627][  0]LogRHI:   GL_ARB_shader_viewport_layer_array
[2018.09.14-15.04.44:627][  0]LogRHI:   GL_ARB_shading_language_420pack
[2018.09.14-15.04.44:627][  0]LogRHI:   GL_ARB_shading_language_packing
[2018.09.14-15.04.44:627][  0]LogRHI:   GL_ARB_stencil_texturing
[2018.09.14-15.04.44:627][  0]LogRHI:   GL_ARB_sync
[2018.09.14-15.04.44:627][  0]LogRHI:   GL_ARB_tessellation_shader
[2018.09.14-15.04.44:627][  0]LogRHI:   GL_ARB_texture_barrier
[2018.09.14-15.04.44:628][  0]LogRHI:   GL_ARB_texture_buffer_object
[2018.09.14-15.04.44:628][  0]LogRHI:   GL_ARB_texture_buffer_object_rgb32
[2018.09.14-15.04.44:628][  0]LogRHI:   GL_ARB_texture_buffer_range
[2018.09.14-15.04.44:628][  0]LogRHI:   GL_ARB_texture_compression_bptc
[2018.09.14-15.04.44:628][  0]LogRHI:   GL_ARB_texture_compression_rgtc
[2018.09.14-15.04.44:628][  0]LogRHI:   GL_ARB_texture_cube_map_array
[2018.09.14-15.04.44:628][  0]LogRHI:   GL_ARB_texture_filter_anisotropic
[2018.09.14-15.04.44:628][  0]LogRHI:   GL_ARB_texture_float
[2018.09.14-15.04.44:628][  0]LogRHI:   GL_ARB_texture_gather
[2018.09.14-15.04.44:628][  0]LogRHI:   GL_ARB_texture_mirror_clamp_to_edge
[2018.09.14-15.04.44:628][  0]LogRHI:   GL_ARB_texture_multisample
[2018.09.14-15.04.44:628][  0]LogRHI:   GL_ARB_texture_non_power_of_two
[2018.09.14-15.04.44:628][  0]LogRHI:   GL_ARB_texture_query_levels
[2018.09.14-15.04.44:628][  0]LogRHI:   GL_ARB_texture_query_lod
[2018.09.14-15.04.44:628][  0]LogRHI:   GL_ARB_texture_rectangle
[2018.09.14-15.04.44:628][  0]LogRHI:   GL_ARB_texture_rg
[2018.09.14-15.04.44:628][  0]LogRHI:   GL_ARB_texture_rgb10_a2ui
[2018.09.14-15.04.44:628][  0]LogRHI:   GL_ARB_texture_stencil8
[2018.09.14-15.04.44:628][  0]LogRHI:   GL_ARB_texture_storage
[2018.09.14-15.04.44:628][  0]LogRHI:   GL_ARB_texture_storage_multisample
[2018.09.14-15.04.44:628][  0]LogRHI:   GL_ARB_texture_swizzle
[2018.09.14-15.04.44:628][  0]LogRHI:   GL_ARB_texture_view
[2018.09.14-15.04.44:628][  0]LogRHI:   GL_ARB_timer_query
[2018.09.14-15.04.44:628][  0]LogRHI:   GL_ARB_transform_feedback2
[2018.09.14-15.04.44:628][  0]LogRHI:   GL_ARB_transform_feedback3
[2018.09.14-15.04.44:628][  0]LogRHI:   GL_ARB_transform_feedback_instanced
[2018.09.14-15.04.44:628][  0]LogRHI:   GL_ARB_transform_feedback_overflow_query
[2018.09.14-15.04.44:628][  0]LogRHI:   GL_ARB_uniform_buffer_object
[2018.09.14-15.04.44:628][  0]LogRHI:   GL_ARB_vertex_array_bgra
[2018.09.14-15.04.44:628][  0]LogRHI:   GL_ARB_vertex_array_object
[2018.09.14-15.04.44:628][  0]LogRHI:   GL_ARB_vertex_attrib_64bit
[2018.09.14-15.04.44:628][  0]LogRHI:   GL_ARB_vertex_attrib_binding
[2018.09.14-15.04.44:628][  0]LogRHI:   GL_ARB_vertex_shader
[2018.09.14-15.04.44:628][  0]LogRHI:   GL_ARB_vertex_type_10f_11f_11f_rev
[2018.09.14-15.04.44:628][  0]LogRHI:   GL_ARB_vertex_type_2_10_10_10_rev
[2018.09.14-15.04.44:628][  0]LogRHI:   GL_ARB_viewport_array
[2018.09.14-15.04.44:628][  0]LogRHI:   GL_ATI_blend_equation_separate
[2018.09.14-15.04.44:628][  0]LogRHI:   GL_ATI_texture_float
[2018.09.14-15.04.44:628][  0]LogRHI:   GL_EXT_abgr
[2018.09.14-15.04.44:628][  0]LogRHI:   GL_EXT_blend_equation_separate
[2018.09.14-15.04.44:628][  0]LogRHI:   GL_EXT_draw_buffers2
[2018.09.14-15.04.44:629][  0]LogRHI:   GL_EXT_draw_instanced
[2018.09.14-15.04.44:629][  0]LogRHI:   GL_EXT_framebuffer_blit
[2018.09.14-15.04.44:629][  0]LogRHI:   GL_EXT_framebuffer_multisample
[2018.09.14-15.04.44:629][  0]LogRHI:   GL_EXT_framebuffer_multisample_blit_scaled
[2018.09.14-15.04.44:629][  0]LogRHI:   GL_EXT_framebuffer_sRGB
[2018.09.14-15.04.44:629][  0]LogRHI:   GL_EXT_packed_depth_stencil
[2018.09.14-15.04.44:629][  0]LogRHI:   GL_EXT_packed_float
[2018.09.14-15.04.44:629][  0]LogRHI:   GL_EXT_pixel_buffer_object
[2018.09.14-15.04.44:629][  0]LogRHI:   GL_EXT_polygon_offset_clamp
[2018.09.14-15.04.44:629][  0]LogRHI:   GL_EXT_provoking_vertex
[2018.09.14-15.04.44:629][  0]LogRHI:   GL_EXT_shader_integer_mix
[2018.09.14-15.04.44:629][  0]LogRHI:   GL_EXT_shader_samples_identical
[2018.09.14-15.04.44:629][  0]LogRHI:   GL_EXT_texture_array
[2018.09.14-15.04.44:629][  0]LogRHI:   GL_EXT_texture_compression_dxt1
[2018.09.14-15.04.44:629][  0]LogRHI:   GL_EXT_texture_compression_rgtc
[2018.09.14-15.04.44:629][  0]LogRHI:   GL_EXT_texture_compression_s3tc
[2018.09.14-15.04.44:629][  0]LogRHI:   GL_EXT_texture_filter_anisotropic
[2018.09.14-15.04.44:629][  0]LogRHI:   GL_EXT_texture_integer
[2018.09.14-15.04.44:629][  0]LogRHI:   GL_EXT_texture_sRGB
[2018.09.14-15.04.44:629][  0]LogRHI:   GL_EXT_texture_sRGB_decode
[2018.09.14-15.04.44:629][  0]LogRHI:   GL_EXT_texture_shared_exponent
[2018.09.14-15.04.44:629][  0]LogRHI:   GL_EXT_texture_snorm
[2018.09.14-15.04.44:629][  0]LogRHI:   GL_EXT_texture_swizzle
[2018.09.14-15.04.44:629][  0]LogRHI:   GL_EXT_timer_query
[2018.09.14-15.04.44:629][  0]LogRHI:   GL_EXT_transform_feedback
[2018.09.14-15.04.44:629][  0]LogRHI:   GL_EXT_vertex_array_bgra
[2018.09.14-15.04.44:629][  0]LogRHI:   GL_IBM_multimode_draw_arrays
[2018.09.14-15.04.44:629][  0]LogRHI:   GL_INTEL_performance_query
[2018.09.14-15.04.44:629][  0]LogRHI:   GL_KHR_blend_equation_advanced
[2018.09.14-15.04.44:629][  0]LogRHI:   GL_KHR_context_flush_control
[2018.09.14-15.04.44:629][  0]LogRHI:   GL_KHR_debug
[2018.09.14-15.04.44:629][  0]LogRHI:   GL_KHR_no_error
[2018.09.14-15.04.44:629][  0]LogRHI:   GL_KHR_robust_buffer_access_behavior
[2018.09.14-15.04.44:629][  0]LogRHI:   GL_KHR_robustness
[2018.09.14-15.04.44:629][  0]LogRHI:   GL_MESA_pack_invert
[2018.09.14-15.04.44:629][  0]LogRHI:   GL_MESA_shader_integer_functions
[2018.09.14-15.04.44:629][  0]LogRHI:   GL_MESA_texture_signed_rgba
[2018.09.14-15.04.44:629][  0]LogRHI:   GL_NV_conditional_render
[2018.09.14-15.04.44:629][  0]LogRHI:   GL_NV_depth_clamp
[2018.09.14-15.04.44:630][  0]LogRHI:   GL_NV_packed_depth_stencil
[2018.09.14-15.04.44:630][  0]LogRHI:   GL_NV_texture_barrier
[2018.09.14-15.04.44:630][  0]LogRHI:   GL_OES_EGL_image
[2018.09.14-15.04.44:630][  0]LogRHI:   GL_S3_s3tc
[2018.09.14-15.04.44:662][  0]LogRHI:   GL_MAX_TEXTURE_SIZE: 16384
[2018.09.14-15.04.44:662][  0]LogRHI:   GL_MAX_CUBE_MAP_TEXTURE_SIZE: 16384
[2018.09.14-15.04.44:662][  0]LogRHI:   GL_MAX_ARRAY_TEXTURE_LAYERS: 2048
[2018.09.14-15.04.44:662][  0]LogRHI:   GL_MAX_3D_TEXTURE_SIZE: 2048
[2018.09.14-15.04.44:662][  0]LogRHI:   GL_MAX_RENDERBUFFER_SIZE: 16384
[2018.09.14-15.04.44:662][  0]LogRHI:   GL_MAX_TEXTURE_IMAGE_UNITS: 32
[2018.09.14-15.04.44:662][  0]LogRHI:   GL_MAX_DRAW_BUFFERS: 8
[2018.09.14-15.04.44:662][  0]LogRHI:   GL_MAX_COLOR_ATTACHMENTS: 8
[2018.09.14-15.04.44:662][  0]LogRHI:   GL_MAX_SAMPLES: 8
[2018.09.14-15.04.44:662][  0]LogRHI:   GL_MAX_COLOR_TEXTURE_SAMPLES: 8
[2018.09.14-15.04.44:662][  0]LogRHI:   GL_MAX_DEPTH_TEXTURE_SAMPLES: 8
[2018.09.14-15.04.44:662][  0]LogRHI:   GL_MAX_INTEGER_SAMPLES: 8
[2018.09.14-15.04.44:662][  0]LogRHI:   GL_MAX_COMBINED_TEXTURE_IMAGE_UNITS: 192
[2018.09.14-15.04.44:662][  0]LogRHI:   GL_MAX_VERTEX_ATTRIBS: 16
[2018.09.14-15.04.44:662][  0]LogRHI:   GL_MAX_TEXTURE_MAX_ANISOTROPY_EXT: 16
[2018.09.14-15.04.44:662][  0]LogRHI: OpenGL MajorVersion = 4, MinorVersion = 5, ShaderPlatform = GLSL_430, FeatureLevel = SM5
[2018.09.14-15.04.44:682][  0]LogShaderCompilers: Guid format shader working directory is 15 characters bigger than the processId version (../../../../CaveTree/Intermediate/Shaders/WorkingDirectory/8939/).
[2018.09.14-15.04.44:682][  0]LogShaderCompilers: Cleaned the shader compiler working directory '../../../../CaveTree/Intermediate/Shaders/tmp/0003E8DE08D61A5BC9A406AA24D10577/'.
[2018.09.14-15.04.44:683][  0]LogShaderCompilers: Display: Using Local Shader Compiler.
[2018.09.14-15.04.47:862][  0]LogTemp: Display: Loaded TP AllDesktopTargetPlatform
[2018.09.14-15.04.48:094][  0]LogTemp: Display: Loaded TP LinuxClientTargetPlatform
[2018.09.14-15.04.48:315][  0]LogTemp: Display: Loaded TP LinuxNoEditorTargetPlatform
[2018.09.14-15.04.48:538][  0]LogTemp: Display: Loaded TP LinuxServerTargetPlatform
[2018.09.14-15.04.48:748][  0]LogTemp: Display: Loaded TP LinuxTargetPlatform
[2018.09.14-15.04.48:966][  0]LogTemp: Display: Loaded TP HTML5TargetPlatform
[2018.09.14-15.04.49:279][  0]LogTemp: Display: Loaded TP AndroidTargetPlatform
[2018.09.14-15.04.49:279][  0]LogTemp: Display: Loaded TP AndroidTargetPlatform
[2018.09.14-15.04.49:279][  0]LogTemp: Display: Loaded TP AndroidTargetPlatform
[2018.09.14-15.04.49:279][  0]LogTemp: Display: Loaded TP AndroidTargetPlatform
[2018.09.14-15.04.49:279][  0]LogTemp: Display: Loaded TP AndroidTargetPlatform
[2018.09.14-15.04.49:279][  0]LogTemp: Display: Loaded TP AndroidTargetPlatform
[2018.09.14-15.04.49:279][  0]LogTemp: Display: Loaded TP AndroidTargetPlatform
[2018.09.14-15.04.49:279][  0]LogTemp: Display: Loaded TP AndroidTargetPlatform
[2018.09.14-15.04.49:279][  0]LogTemp: Display: Loaded TP AndroidTargetPlatform
[2018.09.14-15.04.49:279][  0]LogTemp: Display: Loaded TP AndroidTargetPlatform
[2018.09.14-15.04.49:279][  0]LogTemp: Display: Loaded TP AndroidTargetPlatform
[2018.09.14-15.04.49:279][  0]LogTemp: Display: Loaded TP AndroidTargetPlatform
[2018.09.14-15.04.49:279][  0]LogTemp: Display: Loaded TP AndroidTargetPlatform
[2018.09.14-15.04.49:279][  0]LogTemp: Display: Loaded TP AndroidTargetPlatform
[2018.09.14-15.04.49:279][  0]LogTemp: Display: Loaded TP AndroidTargetPlatform
[2018.09.14-15.04.49:279][  0]LogTemp: Display: Loaded TP AndroidTargetPlatform
[2018.09.14-15.04.49:279][  0]LogTemp: Display: Loaded TP AndroidTargetPlatform
[2018.09.14-15.04.49:279][  0]LogTemp: Display: Loaded TP AndroidTargetPlatform
[2018.09.14-15.04.49:294][  0]LogTargetPlatformManager: Display: Building Assets For Linux
[2018.09.14-15.04.50:052][  0]LogDerivedDataCache: Display: Max Cache Size: 512 MB
[2018.09.14-15.04.50:292][  0]LogDerivedDataCache: Loaded boot cache 0.24s 84MB ../../../../CaveTree/DerivedDataCache/Boot.ddc.
[2018.09.14-15.04.50:293][  0]LogDerivedDataCache: Display: Loaded Boot cache: ../../../../CaveTree/DerivedDataCache/Boot.ddc
[2018.09.14-15.04.50:293][  0]LogDerivedDataCache: FDerivedDataBackendGraph:  Pak pak cache file ../../../../CaveTree/DerivedDataCache/DDC.ddp not found, will not use a pak cache.
[2018.09.14-15.04.50:293][  0]LogDerivedDataCache: Unable to find inner node Pak for hierarchical cache Hierarchy.
[2018.09.14-15.04.50:293][  0]LogDerivedDataCache: FDerivedDataBackendGraph:  EnginePak pak cache file ../../../Engine/DerivedDataCache/DDC.ddp not found, will not use a pak cache.
[2018.09.14-15.04.50:293][  0]LogDerivedDataCache: Unable to find inner node EnginePak for hierarchical cache Hierarchy.
[2018.09.14-15.04.50:294][  0]LogDerivedDataCache: Using Local data cache path ../../../Engine/DerivedDataCache: Writable
[2018.09.14-15.04.50:294][  0]LogDerivedDataCache: Shared data cache path not found in *engine.ini, will not use an Shared cache.
[2018.09.14-15.04.50:294][  0]LogDerivedDataCache: Unable to find inner node Shared for hierarchical cache Hierarchy.
[2018.09.14-15.04.50:344][  0]LogMaterial: Verifying Global Shaders for GLSL_430
[2018.09.14-15.04.50:360][  0]LogSlate: Using FreeType 2.6.0
[2018.09.14-15.04.50:362][  0]LogSlate: SlateFontServices - WITH_FREETYPE: 1, WITH_HARFBUZZ: 0
[2018.09.14-15.04.50:535][  0]LogAssetRegistry: FAssetRegistry took 0.0104 seconds to start up
[2018.09.14-15.04.51:209][  0]LogLinux: Selected Device Profile: [Linux]
[2018.09.14-15.04.52:005][  0]LogMeshReduction: Using QuadricMeshReduction for automatic static mesh reduction
[2018.09.14-15.04.52:005][  0]LogMeshReduction: No automatic skeletal mesh reduction module available
[2018.09.14-15.04.52:005][  0]LogMeshReduction: No automatic mesh merging module available
[2018.09.14-15.04.52:005][  0]LogMeshReduction: No distributed automatic mesh merging module available
[2018.09.14-15.04.52:005][  0]LogMeshMerging: No automatic mesh merging module available
[2018.09.14-15.04.52:005][  0]LogMeshMerging: No distributed automatic mesh merging module available
[2018.09.14-15.04.52:044][  0]LogNetVersion: CaveTree 1.0.0, NetCL: 0, EngineNetVer: 5, GameNetVer: 0 (Checksum: 1206919045)
[2018.09.14-15.04.53:330][  0]LogPackageLocalizationCache: Processed 11 localized package path(s) for 2 prioritized culture(s) in 0.100436 seconds
[2018.09.14-15.04.53:357][  0]LogUObjectArray: 37547 objects as part of root set at end of initial load.
[2018.09.14-15.04.53:357][  0]LogUObjectAllocator: 6509480 out of 0 bytes used by permanent object pool.
[2018.09.14-15.04.53:357][  0]LogUObjectArray: CloseDisregardForGC: 0/0 objects in disregard for GC pool
[2018.09.14-15.04.53:714][  0]LogHAL: Linux SourceCodeAccessSettings: NullSourceCodeAccessor
[2018.09.14-15.04.55:406][  0]LogStreaming: Warning: Failed to read file '../../../Engine/Content/Editor/Slate/Launcher/Mac/Platform_Mac_24x.png' error.
[2018.09.14-15.04.55:406][  0]LogSlate: Could not find file for Slate resource: ../../../Engine/Content/Editor/Slate/Launcher/Mac/Platform_Mac_24x.png
[2018.09.14-15.04.55:407][  0]LogStreaming: Warning: Failed to read file '../../../Engine/Content/Editor/Slate/Launcher/Mac/Platform_Mac_128x.png' error.
[2018.09.14-15.04.55:407][  0]LogSlate: Could not find file for Slate resource: ../../../Engine/Content/Editor/Slate/Launcher/Mac/Platform_Mac_128x.png
[2018.09.14-15.04.55:407][  0]LogStreaming: Warning: Failed to read file '../../../Engine/Content/Editor/Slate/Launcher/Mac/Platform_Mac_128x.png' error.
[2018.09.14-15.04.55:407][  0]LogSlate: Could not find file for Slate resource: ../../../Engine/Content/Editor/Slate/Launcher/Mac/Platform_Mac_128x.png
[2018.09.14-15.04.55:408][  0]LogStreaming: Warning: Failed to read file '../../../Engine/Content/Editor/Slate/Launcher/Mac/Platform_Mac_24x.png' error.
[2018.09.14-15.04.55:408][  0]LogSlate: Could not find file for Slate resource: ../../../Engine/Content/Editor/Slate/Launcher/Mac/Platform_Mac_24x.png
[2018.09.14-15.04.55:408][  0]LogStreaming: Warning: Failed to read file '../../../Engine/Content/Editor/Slate/Launcher/Mac/Platform_Mac_128x.png' error.
[2018.09.14-15.04.55:408][  0]LogSlate: Could not find file for Slate resource: ../../../Engine/Content/Editor/Slate/Launcher/Mac/Platform_Mac_128x.png
[2018.09.14-15.04.55:408][  0]LogStreaming: Warning: Failed to read file '../../../Engine/Content/Editor/Slate/Launcher/Mac/Platform_Mac_128x.png' error.
[2018.09.14-15.04.55:409][  0]LogSlate: Could not find file for Slate resource: ../../../Engine/Content/Editor/Slate/Launcher/Mac/Platform_Mac_128x.png
[2018.09.14-15.04.55:409][  0]LogStreaming: Warning: Failed to read file '../../../Engine/Content/Editor/Slate/Launcher/Mac/Platform_Mac_24x.png' error.
[2018.09.14-15.04.55:409][  0]LogSlate: Could not find file for Slate resource: ../../../Engine/Content/Editor/Slate/Launcher/Mac/Platform_Mac_24x.png
[2018.09.14-15.04.55:409][  0]LogStreaming: Warning: Failed to read file '../../../Engine/Content/Editor/Slate/Launcher/Mac/Platform_Mac_128x.png' error.
[2018.09.14-15.04.55:409][  0]LogSlate: Could not find file for Slate resource: ../../../Engine/Content/Editor/Slate/Launcher/Mac/Platform_Mac_128x.png
[2018.09.14-15.04.55:410][  0]LogStreaming: Warning: Failed to read file '../../../Engine/Content/Editor/Slate/Launcher/Mac/Platform_Mac_128x.png' error.
[2018.09.14-15.04.55:410][  0]LogSlate: Could not find file for Slate resource: ../../../Engine/Content/Editor/Slate/Launcher/Mac/Platform_Mac_128x.png
[2018.09.14-15.04.55:410][  0]LogStreaming: Warning: Failed to read file '../../../Engine/Content/Editor/Slate/Launcher/Mac/Platform_Mac_24x.png' error.
[2018.09.14-15.04.55:410][  0]LogSlate: Could not find file for Slate resource: ../../../Engine/Content/Editor/Slate/Launcher/Mac/Platform_Mac_24x.png
[2018.09.14-15.04.55:411][  0]LogStreaming: Warning: Failed to read file '../../../Engine/Content/Editor/Slate/Launcher/Mac/Platform_Mac_128x.png' error.
[2018.09.14-15.04.55:411][  0]LogSlate: Could not find file for Slate resource: ../../../Engine/Content/Editor/Slate/Launcher/Mac/Platform_Mac_128x.png
[2018.09.14-15.04.55:411][  0]LogStreaming: Warning: Failed to read file '../../../Engine/Content/Editor/Slate/Launcher/Mac/Platform_Mac_128x.png' error.
[2018.09.14-15.04.55:411][  0]LogSlate: Could not find file for Slate resource: ../../../Engine/Content/Editor/Slate/Launcher/Mac/Platform_Mac_128x.png
[2018.09.14-15.04.55:417][  0]LogStreaming: Warning: Failed to read file '../../../Engine/Content/Editor/Slate/Launcher/Android/Platform_Android_24x.png' error.
[2018.09.14-15.04.55:417][  0]LogSlate: Could not find file for Slate resource: ../../../Engine/Content/Editor/Slate/Launcher/Android/Platform_Android_24x.png
[2018.09.14-15.04.55:418][  0]LogStreaming: Warning: Failed to read file '../../../Engine/Content/Editor/Slate/Launcher/Android/Platform_Android_128x.png' error.
[2018.09.14-15.04.55:418][  0]LogSlate: Could not find file for Slate resource: ../../../Engine/Content/Editor/Slate/Launcher/Android/Platform_Android_128x.png
[2018.09.14-15.04.55:419][  0]LogStreaming: Warning: Failed to read file '../../../Engine/Content/Editor/Slate/Launcher/Android/Platform_Android_128x.png' error.
[2018.09.14-15.04.55:419][  0]LogSlate: Could not find file for Slate resource: ../../../Engine/Content/Editor/Slate/Launcher/Android/Platform_Android_128x.png
[2018.09.14-15.04.55:419][  0]LogStreaming: Warning: Failed to read file '../../../Engine/Content/Editor/Slate/Launcher/Android/Platform_Android_24x.png' error.
[2018.09.14-15.04.55:419][  0]LogSlate: Could not find file for Slate resource: ../../../Engine/Content/Editor/Slate/Launcher/Android/Platform_Android_24x.png
[2018.09.14-15.04.55:420][  0]LogStreaming: Warning: Failed to read file '../../../Engine/Content/Editor/Slate/Launcher/Android/Platform_Android_128x.png' error.
[2018.09.14-15.04.55:420][  0]LogSlate: Could not find file for Slate resource: ../../../Engine/Content/Editor/Slate/Launcher/Android/Platform_Android_128x.png
[2018.09.14-15.04.55:420][  0]LogStreaming: Warning: Failed to read file '../../../Engine/Content/Editor/Slate/Launcher/Android/Platform_Android_128x.png' error.
[2018.09.14-15.04.55:420][  0]LogSlate: Could not find file for Slate resource: ../../../Engine/Content/Editor/Slate/Launcher/Android/Platform_Android_128x.png
[2018.09.14-15.04.55:421][  0]LogStreaming: Warning: Failed to read file '../../../Engine/Content/Editor/Slate/Launcher/Android/Platform_Android_ATC_24x.png' error.
[2018.09.14-15.04.55:421][  0]LogSlate: Could not find file for Slate resource: ../../../Engine/Content/Editor/Slate/Launcher/Android/Platform_Android_ATC_24x.png
[2018.09.14-15.04.55:422][  0]LogStreaming: Warning: Failed to read file '../../../Engine/Content/Editor/Slate/Launcher/Android/Platform_Android_128x.png' error.
[2018.09.14-15.04.55:422][  0]LogSlate: Could not find file for Slate resource: ../../../Engine/Content/Editor/Slate/Launcher/Android/Platform_Android_128x.png
[2018.09.14-15.04.55:422][  0]LogStreaming: Warning: Failed to read file '../../../Engine/Content/Editor/Slate/Launcher/Android/Platform_Android_128x.png' error.
[2018.09.14-15.04.55:422][  0]LogSlate: Could not find file for Slate resource: ../../../Engine/Content/Editor/Slate/Launcher/Android/Platform_Android_128x.png
[2018.09.14-15.04.55:423][  0]LogStreaming: Warning: Failed to read file '../../../Engine/Content/Editor/Slate/Launcher/Android/Platform_Android_DXT_24x.png' error.
[2018.09.14-15.04.55:423][  0]LogSlate: Could not find file for Slate resource: ../../../Engine/Content/Editor/Slate/Launcher/Android/Platform_Android_DXT_24x.png
[2018.09.14-15.04.55:423][  0]LogStreaming: Warning: Failed to read file '../../../Engine/Content/Editor/Slate/Launcher/Android/Platform_Android_128x.png' error.
[2018.09.14-15.04.55:423][  0]LogSlate: Could not find file for Slate resource: ../../../Engine/Content/Editor/Slate/Launcher/Android/Platform_Android_128x.png
[2018.09.14-15.04.55:424][  0]LogStreaming: Warning: Failed to read file '../../../Engine/Content/Editor/Slate/Launcher/Android/Platform_Android_128x.png' error.
[2018.09.14-15.04.55:424][  0]LogSlate: Could not find file for Slate resource: ../../../Engine/Content/Editor/Slate/Launcher/Android/Platform_Android_128x.png
[2018.09.14-15.04.55:424][  0]LogStreaming: Warning: Failed to read file '../../../Engine/Content/Editor/Slate/Launcher/Android/Platform_Android_ETC1_24x.png' error.
[2018.09.14-15.04.55:424][  0]LogSlate: Could not find file for Slate resource: ../../../Engine/Content/Editor/Slate/Launcher/Android/Platform_Android_ETC1_24x.png
[2018.09.14-15.04.55:425][  0]LogStreaming: Warning: Failed to read file '../../../Engine/Content/Editor/Slate/Launcher/Android/Platform_Android_128x.png' error.
[2018.09.14-15.04.55:425][  0]LogSlate: Could not find file for Slate resource: ../../../Engine/Content/Editor/Slate/Launcher/Android/Platform_Android_128x.png
[2018.09.14-15.04.55:425][  0]LogStreaming: Warning: Failed to read file '../../../Engine/Content/Editor/Slate/Launcher/Android/Platform_Android_128x.png' error.
[2018.09.14-15.04.55:425][  0]LogSlate: Could not find file for Slate resource: ../../../Engine/Content/Editor/Slate/Launcher/Android/Platform_Android_128x.png
[2018.09.14-15.04.55:426][  0]LogStreaming: Warning: Failed to read file '../../../Engine/Content/Editor/Slate/Launcher/Android/Platform_Android_ETC1_24x.png' error.
[2018.09.14-15.04.55:426][  0]LogSlate: Could not find file for Slate resource: ../../../Engine/Content/Editor/Slate/Launcher/Android/Platform_Android_ETC1_24x.png
[2018.09.14-15.04.55:426][  0]LogStreaming: Warning: Failed to read file '../../../Engine/Content/Editor/Slate/Launcher/Android/Platform_Android_128x.png' error.
[2018.09.14-15.04.55:426][  0]LogSlate: Could not find file for Slate resource: ../../../Engine/Content/Editor/Slate/Launcher/Android/Platform_Android_128x.png
[2018.09.14-15.04.55:427][  0]LogStreaming: Warning: Failed to read file '../../../Engine/Content/Editor/Slate/Launcher/Android/Platform_Android_128x.png' error.
[2018.09.14-15.04.55:427][  0]LogSlate: Could not find file for Slate resource: ../../../Engine/Content/Editor/Slate/Launcher/Android/Platform_Android_128x.png
[2018.09.14-15.04.55:428][  0]LogStreaming: Warning: Failed to read file '../../../Engine/Content/Editor/Slate/Launcher/Android/Platform_Android_ETC2_24x.png' error.
[2018.09.14-15.04.55:428][  0]LogSlate: Could not find file for Slate resource: ../../../Engine/Content/Editor/Slate/Launcher/Android/Platform_Android_ETC2_24x.png
[2018.09.14-15.04.55:429][  0]LogStreaming: Warning: Failed to read file '../../../Engine/Content/Editor/Slate/Launcher/Android/Platform_Android_128x.png' error.
[2018.09.14-15.04.55:429][  0]LogSlate: Could not find file for Slate resource: ../../../Engine/Content/Editor/Slate/Launcher/Android/Platform_Android_128x.png
[2018.09.14-15.04.55:429][  0]LogStreaming: Warning: Failed to read file '../../../Engine/Content/Editor/Slate/Launcher/Android/Platform_Android_128x.png' error.
[2018.09.14-15.04.55:429][  0]LogSlate: Could not find file for Slate resource: ../../../Engine/Content/Editor/Slate/Launcher/Android/Platform_Android_128x.png
[2018.09.14-15.04.55:430][  0]LogStreaming: Warning: Failed to read file '../../../Engine/Content/Editor/Slate/Launcher/Android/Platform_Android_PVRTC_24x.png' error.
[2018.09.14-15.04.55:430][  0]LogSlate: Could not find file for Slate resource: ../../../Engine/Content/Editor/Slate/Launcher/Android/Platform_Android_PVRTC_24x.png
[2018.09.14-15.04.55:431][  0]LogStreaming: Warning: Failed to read file '../../../Engine/Content/Editor/Slate/Launcher/Android/Platform_Android_128x.png' error.
[2018.09.14-15.04.55:431][  0]LogSlate: Could not find file for Slate resource: ../../../Engine/Content/Editor/Slate/Launcher/Android/Platform_Android_128x.png
[2018.09.14-15.04.55:432][  0]LogStreaming: Warning: Failed to read file '../../../Engine/Content/Editor/Slate/Launcher/Android/Platform_Android_128x.png' error.
[2018.09.14-15.04.55:432][  0]LogSlate: Could not find file for Slate resource: ../../../Engine/Content/Editor/Slate/Launcher/Android/Platform_Android_128x.png
[2018.09.14-15.04.55:432][  0]LogStreaming: Warning: Failed to read file '../../../Engine/Content/Editor/Slate/Launcher/Android/Platform_Android_ASTC_24x.png' error.
[2018.09.14-15.04.55:432][  0]LogSlate: Could not find file for Slate resource: ../../../Engine/Content/Editor/Slate/Launcher/Android/Platform_Android_ASTC_24x.png
[2018.09.14-15.04.55:433][  0]LogStreaming: Warning: Failed to read file '../../../Engine/Content/Editor/Slate/Launcher/Android/Platform_Android_128x.png' error.
[2018.09.14-15.04.55:433][  0]LogSlate: Could not find file for Slate resource: ../../../Engine/Content/Editor/Slate/Launcher/Android/Platform_Android_128x.png
[2018.09.14-15.04.55:434][  0]LogStreaming: Warning: Failed to read file '../../../Engine/Content/Editor/Slate/Launcher/Android/Platform_Android_128x.png' error.
[2018.09.14-15.04.55:434][  0]LogSlate: Could not find file for Slate resource: ../../../Engine/Content/Editor/Slate/Launcher/Android/Platform_Android_128x.png
[2018.09.14-15.04.55:435][  0]LogStreaming: Warning: Failed to read file '../../../Engine/Content/Editor/Slate/Launcher/Android/Platform_Android_24x.png' error.
[2018.09.14-15.04.55:435][  0]LogSlate: Could not find file for Slate resource: ../../../Engine/Content/Editor/Slate/Launcher/Android/Platform_Android_24x.png
[2018.09.14-15.04.55:435][  0]LogStreaming: Warning: Failed to read file '../../../Engine/Content/Editor/Slate/Launcher/Android/Platform_Android_128x.png' error.
[2018.09.14-15.04.55:435][  0]LogSlate: Could not find file for Slate resource: ../../../Engine/Content/Editor/Slate/Launcher/Android/Platform_Android_128x.png
[2018.09.14-15.04.55:436][  0]LogStreaming: Warning: Failed to read file '../../../Engine/Content/Editor/Slate/Launcher/Android/Platform_Android_128x.png' error.
[2018.09.14-15.04.55:436][  0]LogSlate: Could not find file for Slate resource: ../../../Engine/Content/Editor/Slate/Launcher/Android/Platform_Android_128x.png
[2018.09.14-15.04.55:437][  0]LogStreaming: Warning: Failed to read file '../../../Engine/Content/Editor/Slate/Launcher/Android/Platform_Android_24x.png' error.
[2018.09.14-15.04.55:437][  0]LogSlate: Could not find file for Slate resource: ../../../Engine/Content/Editor/Slate/Launcher/Android/Platform_Android_24x.png
[2018.09.14-15.04.55:438][  0]LogStreaming: Warning: Failed to read file '../../../Engine/Content/Editor/Slate/Launcher/Android/Platform_Android_128x.png' error.
[2018.09.14-15.04.55:438][  0]LogSlate: Could not find file for Slate resource: ../../../Engine/Content/Editor/Slate/Launcher/Android/Platform_Android_128x.png
[2018.09.14-15.04.55:439][  0]LogStreaming: Warning: Failed to read file '../../../Engine/Content/Editor/Slate/Launcher/Android/Platform_Android_128x.png' error.
[2018.09.14-15.04.55:439][  0]LogSlate: Could not find file for Slate resource: ../../../Engine/Content/Editor/Slate/Launcher/Android/Platform_Android_128x.png
[2018.09.14-15.04.55:440][  0]LogStreaming: Warning: Failed to read file '../../../Engine/Content/Editor/Slate/Launcher/Android/Platform_Android_ATC_24x.png' error.
[2018.09.14-15.04.55:440][  0]LogSlate: Could not find file for Slate resource: ../../../Engine/Content/Editor/Slate/Launcher/Android/Platform_Android_ATC_24x.png
[2018.09.14-15.04.55:441][  0]LogStreaming: Warning: Failed to read file '../../../Engine/Content/Editor/Slate/Launcher/Android/Platform_Android_128x.png' error.
[2018.09.14-15.04.55:441][  0]LogSlate: Could not find file for Slate resource: ../../../Engine/Content/Editor/Slate/Launcher/Android/Platform_Android_128x.png
[2018.09.14-15.04.55:442][  0]LogStreaming: Warning: Failed to read file '../../../Engine/Content/Editor/Slate/Launcher/Android/Platform_Android_128x.png' error.
[2018.09.14-15.04.55:442][  0]LogSlate: Could not find file for Slate resource: ../../../Engine/Content/Editor/Slate/Launcher/Android/Platform_Android_128x.png
[2018.09.14-15.04.55:442][  0]LogStreaming: Warning: Failed to read file '../../../Engine/Content/Editor/Slate/Launcher/Android/Platform_Android_DXT_24x.png' error.
[2018.09.14-15.04.55:442][  0]LogSlate: Could not find file for Slate resource: ../../../Engine/Content/Editor/Slate/Launcher/Android/Platform_Android_DXT_24x.png
[2018.09.14-15.04.55:443][  0]LogStreaming: Warning: Failed to read file '../../../Engine/Content/Editor/Slate/Launcher/Android/Platform_Android_128x.png' error.
[2018.09.14-15.04.55:443][  0]LogSlate: Could not find file for Slate resource: ../../../Engine/Content/Editor/Slate/Launcher/Android/Platform_Android_128x.png
[2018.09.14-15.04.55:444][  0]LogStreaming: Warning: Failed to read file '../../../Engine/Content/Editor/Slate/Launcher/Android/Platform_Android_128x.png' error.
[2018.09.14-15.04.55:444][  0]LogSlate: Could not find file for Slate resource: ../../../Engine/Content/Editor/Slate/Launcher/Android/Platform_Android_128x.png
[2018.09.14-15.04.55:444][  0]LogStreaming: Warning: Failed to read file '../../../Engine/Content/Editor/Slate/Launcher/Android/Platform_Android_ETC1_24x.png' error.
[2018.09.14-15.04.55:444][  0]LogSlate: Could not find file for Slate resource: ../../../Engine/Content/Editor/Slate/Launcher/Android/Platform_Android_ETC1_24x.png
[2018.09.14-15.04.55:445][  0]LogStreaming: Warning: Failed to read file '../../../Engine/Content/Editor/Slate/Launcher/Android/Platform_Android_128x.png' error.
[2018.09.14-15.04.55:445][  0]LogSlate: Could not find file for Slate resource: ../../../Engine/Content/Editor/Slate/Launcher/Android/Platform_Android_128x.png
[2018.09.14-15.04.55:446][  0]LogStreaming: Warning: Failed to read file '../../../Engine/Content/Editor/Slate/Launcher/Android/Platform_Android_128x.png' error.
[2018.09.14-15.04.55:446][  0]LogSlate: Could not find file for Slate resource: ../../../Engine/Content/Editor/Slate/Launcher/Android/Platform_Android_128x.png
[2018.09.14-15.04.55:447][  0]LogStreaming: Warning: Failed to read file '../../../Engine/Content/Editor/Slate/Launcher/Android/Platform_Android_ETC1_24x.png' error.
[2018.09.14-15.04.55:447][  0]LogSlate: Could not find file for Slate resource: ../../../Engine/Content/Editor/Slate/Launcher/Android/Platform_Android_ETC1_24x.png
[2018.09.14-15.04.55:447][  0]LogStreaming: Warning: Failed to read file '../../../Engine/Content/Editor/Slate/Launcher/Android/Platform_Android_128x.png' error.
[2018.09.14-15.04.55:447][  0]LogSlate: Could not find file for Slate resource: ../../../Engine/Content/Editor/Slate/Launcher/Android/Platform_Android_128x.png
[2018.09.14-15.04.55:448][  0]LogStreaming: Warning: Failed to read file '../../../Engine/Content/Editor/Slate/Launcher/Android/Platform_Android_128x.png' error.
[2018.09.14-15.04.55:448][  0]LogSlate: Could not find file for Slate resource: ../../../Engine/Content/Editor/Slate/Launcher/Android/Platform_Android_128x.png
[2018.09.14-15.04.55:449][  0]LogStreaming: Warning: Failed to read file '../../../Engine/Content/Editor/Slate/Launcher/Android/Platform_Android_ETC2_24x.png' error.
[2018.09.14-15.04.55:449][  0]LogSlate: Could not find file for Slate resource: ../../../Engine/Content/Editor/Slate/Launcher/Android/Platform_Android_ETC2_24x.png
[2018.09.14-15.04.55:449][  0]LogStreaming: Warning: Failed to read file '../../../Engine/Content/Editor/Slate/Launcher/Android/Platform_Android_128x.png' error.
[2018.09.14-15.04.55:450][  0]LogSlate: Could not find file for Slate resource: ../../../Engine/Content/Editor/Slate/Launcher/Android/Platform_Android_128x.png
[2018.09.14-15.04.55:450][  0]LogStreaming: Warning: Failed to read file '../../../Engine/Content/Editor/Slate/Launcher/Android/Platform_Android_128x.png' error.
[2018.09.14-15.04.55:450][  0]LogSlate: Could not find file for Slate resource: ../../../Engine/Content/Editor/Slate/Launcher/Android/Platform_Android_128x.png
[2018.09.14-15.04.55:451][  0]LogStreaming: Warning: Failed to read file '../../../Engine/Content/Editor/Slate/Launcher/Android/Platform_Android_PVRTC_24x.png' error.
[2018.09.14-15.04.55:451][  0]LogSlate: Could not find file for Slate resource: ../../../Engine/Content/Editor/Slate/Launcher/Android/Platform_Android_PVRTC_24x.png
[2018.09.14-15.04.55:452][  0]LogStreaming: Warning: Failed to read file '../../../Engine/Content/Editor/Slate/Launcher/Android/Platform_Android_128x.png' error.
[2018.09.14-15.04.55:452][  0]LogSlate: Could not find file for Slate resource: ../../../Engine/Content/Editor/Slate/Launcher/Android/Platform_Android_128x.png
[2018.09.14-15.04.55:452][  0]LogStreaming: Warning: Failed to read file '../../../Engine/Content/Editor/Slate/Launcher/Android/Platform_Android_128x.png' error.
[2018.09.14-15.04.55:453][  0]LogSlate: Could not find file for Slate resource: ../../../Engine/Content/Editor/Slate/Launcher/Android/Platform_Android_128x.png
[2018.09.14-15.04.55:453][  0]LogStreaming: Warning: Failed to read file '../../../Engine/Content/Editor/Slate/Launcher/Android/Platform_Android_ASTC_24x.png' error.
[2018.09.14-15.04.55:453][  0]LogSlate: Could not find file for Slate resource: ../../../Engine/Content/Editor/Slate/Launcher/Android/Platform_Android_ASTC_24x.png
[2018.09.14-15.04.55:454][  0]LogStreaming: Warning: Failed to read file '../../../Engine/Content/Editor/Slate/Launcher/Android/Platform_Android_128x.png' error.
[2018.09.14-15.04.55:454][  0]LogSlate: Could not find file for Slate resource: ../../../Engine/Content/Editor/Slate/Launcher/Android/Platform_Android_128x.png
[2018.09.14-15.04.55:454][  0]LogStreaming: Warning: Failed to read file '../../../Engine/Content/Editor/Slate/Launcher/Android/Platform_Android_128x.png' error.
[2018.09.14-15.04.55:454][  0]LogSlate: Could not find file for Slate resource: ../../../Engine/Content/Editor/Slate/Launcher/Android/Platform_Android_128x.png
[2018.09.14-15.04.58:918][  0]LogUdpMessaging: Initializing bridge on interface 0.0.0.0:0 to multicast group 230.0.0.1:6666.
[2018.09.14-15.04.58:922][  0]LogTcpMessaging: Initializing TcpMessaging bridge
[2018.09.14-15.05.06:258][  0]SourceControl: Source control is disabled
[2018.09.14-15.05.06:258][  0]SourceControl: Source control is disabled
[2018.09.14-15.05.06:475][  0]SourceControl: Source control is disabled
[2018.09.14-15.05.06:666][  0]SourceControl: Source control is disabled
[2018.09.14-15.05.10:465][  0]LogAndroidPermission: UAndroidPermissionCallbackProxy::GetInstance
[2018.09.14-15.05.12:692][  0]LogEngine: Initializing Engine...
[2018.09.14-15.05.12:693][  0]LogHMD: Failed to initialize OpenVR with code 110
[2018.09.14-15.05.12:695][  0]LogStats: UGameplayTagsManager::ConstructGameplayTagTree: ImportINI prefixes -  0.000 s
[2018.09.14-15.05.12:695][  0]LogStats: UGameplayTagsManager::ConstructGameplayTagTree: Construct from data asset -  0.000 s
[2018.09.14-15.05.12:695][  0]LogStats: UGameplayTagsManager::ConstructGameplayTagTree: ImportINI -  0.000 s
[2018.09.14-15.05.12:695][  0]LogStats: UGameplayTagsManager::ConstructGameplayTagTree: GameplayTagTreeChangedEvent.Broadcast -  0.000 s
[2018.09.14-15.05.13:267][  0]LogInit: Initializing FReadOnlyCVARCache
[2018.09.14-15.05.13:954][  0]LogAIModule: Creating AISystem for world Untitled
[2018.09.14-15.05.13:971][  0]LogAudioMixer: Display: Audio Mixer Platform Settings:
[2018.09.14-15.05.13:971][  0]LogAudioMixer: Display: 	Sample Rate:						  48000
[2018.09.14-15.05.13:971][  0]LogAudioMixer: Display: 	Callback Buffer Frame Size Requested: 1024
[2018.09.14-15.05.13:971][  0]LogAudioMixer: Display: 	Callback Buffer Frame Size To Use:	  1024
[2018.09.14-15.05.13:972][  0]LogAudioMixer: Display: 	Number of buffers to queue:			  2
[2018.09.14-15.05.13:972][  0]LogAudioMixer: Display: 	Max Channels (voices):				  0
[2018.09.14-15.05.13:972][  0]LogAudioMixer: Display: 	Number of Async Source Workers:		  0
[2018.09.14-15.05.13:972][  0]LogAudioMixer: Display: Initializing audio mixer.
[2018.09.14-15.05.14:000][  0]LogAudioMixerSDL: Display: Initialized SDL using pulseaudio platform API backend.
[2018.09.14-15.05.14:134][  0]LogInit: FAudioDevice initialized.
[2018.09.14-15.05.14:135][  0]LogNetVersion: Set ProjectVersion to 1.0.0.0. Version Checksum will be recalculated on next use.
[2018.09.14-15.05.14:224][  0]LogDerivedDataCache: Saved boot cache 0.09s 84MB ../../../../CaveTree/DerivedDataCache/Boot.ddc.
[2018.09.14-15.05.14:227][  0]LogInit: Texture streaming: Enabled
[2018.09.14-15.05.14:272][  0]LogEngineSessionManager: EngineSessionManager initialized
[2018.09.14-15.05.14:945][  0]LogInit: Transaction tracking system initialized
[2018.09.14-15.05.16:165][  0]BlueprintLog: New page: Editor Load
[2018.09.14-15.05.20:347][  0]LocalizationService: Localization service is disabled
[2018.09.14-15.05.23:118][  0]LogFileCache: Scanning file cache for directory '/home/john/Documents/Projects/CaveTree/Content/' took 0.00s
[2018.09.14-15.05.23:118][  0]LogCook: Display: Max memory allowance for cook 16384mb min free memory 0mb
[2018.09.14-15.05.23:118][  0]LogCook: Display: Mobile HDR setting 1
[2018.09.14-15.05.23:118][  0]LogGameplayTags: Display: UGameplayTagsManager::DoneAddingNativeTags. DelegateIsBound: 0
[2018.09.14-15.05.23:118][  0]LogStats: UGameplayTagsManager::ConstructGameplayTagTree: ImportINI prefixes -  0.000 s
[2018.09.14-15.05.23:118][  0]LogStats: UGameplayTagsManager::ConstructGameplayTagTree: Construct from data asset -  0.000 s
[2018.09.14-15.05.23:118][  0]LogStats: UGameplayTagsManager::ConstructGameplayTagTree: ImportINI -  0.000 s
[2018.09.14-15.05.23:118][  0]LogStats: UGameplayTagsManager::ConstructGameplayTagTree: GameplayTagTreeChangedEvent.Broadcast -  0.000 s
[2018.09.14-15.05.27:620][  0]SourceControl: Source control is disabled
[2018.09.14-15.05.27:620][  0]Cmd: MAP LOAD FILE="../../../../CaveTree/Content/StarterContent/Maps/Minimal_Default.umap" TEMPLATE=0 SHOWPROGRESS=1 FEATURELEVEL=3
[2018.09.14-15.05.27:640][  0]LightingResults: New page: Lighting Build
[2018.09.14-15.05.27:783][  0]MapCheck: New page: Map Check
[2018.09.14-15.05.27:783][  0]LightingResults: New page: Lighting Build
[2018.09.14-15.05.28:570][  0]LogAIModule: Creating AISystem for world Minimal_Default
[2018.09.14-15.05.28:605][  0]LogEditorServer: Finished looking for orphan Actors (0.000 secs)
[2018.09.14-15.05.28:727][  0]Cmd: MAP CHECKDEP NOCLEARLOG
[2018.09.14-15.05.28:783][  0]MapCheck: Map check complete: 0 Error(s), 0 Warning(s), took 55.79ms to complete.
[2018.09.14-15.05.28:783][  0]LogFileHelpers: Loading map 'Minimal_Default' took 1.163
[2018.09.14-15.05.28:796][  0]LogLinux: Scale at X=160.000000, Y=103.500000: 1.000000 (monitor=#0, HDPI=96.000000 (horz scale: 1.000000), VDPI=96.000000 (vert scale: 1.000000))
[2018.09.14-15.05.28:797][  0]LogLinux: Scale at X=805.000000, Y=468.500000: 1.000000 (monitor=#0, HDPI=96.000000 (horz scale: 1.000000), VDPI=96.000000 (vert scale: 1.000000))
[2018.09.14-15.05.28:836][  0]LogLinux: Scale at X=0.000000, Y=27.000000: 1.000000 (monitor=#0, HDPI=96.000000 (horz scale: 1.000000), VDPI=96.000000 (vert scale: 1.000000))
[2018.09.14-15.05.28:903][  0]LogSlate: Updating window title bar state: overlay mode, drag disabled, window buttons hidden, title bar hidden
[2018.09.14-15.05.28:918][  0]LogSlate: Updating window title bar state: overlay mode, drag disabled, window buttons hidden, title bar hidden
[2018.09.14-15.05.28:934][  0]LogSlate: Updating window title bar state: overlay mode, drag disabled, window buttons hidden, title bar hidden
[2018.09.14-15.05.28:949][  0]LogSlate: Updating window title bar state: overlay mode, drag disabled, window buttons hidden, title bar hidden
[2018.09.14-15.05.28:969][  0]LogCollectionManager: Loaded 0 collections in 0.005842 seconds
[2018.09.14-15.05.28:998][  0]LogFileCache: Scanning file cache for directory '/home/john/Documents/Projects/CaveTree/Saved/Collections/' took 0.00s
[2018.09.14-15.05.28:998][  0]LogFileCache: Scanning file cache for directory '/home/john/Documents/Projects/CaveTree/Content/Developers/john/Collections/' took 0.00s
[2018.09.14-15.05.28:998][  0]LogFileCache: Scanning file cache for directory '/home/john/Documents/Projects/CaveTree/Content/Collections/' took 0.00s
[2018.09.14-15.05.28:998][  0]LogContentBrowser: Native class hierarchy populated in 0.0187 seconds. Added 2545 classes and 566 folders.
[2018.09.14-15.05.29:006][  0]LogCollectionManager: Rebuilt the GUID cache for 0 collections in 0.000002 seconds
[2018.09.14-15.05.29:357][  0]LogContentBrowser: Native class hierarchy updated for 'WidgetCarousel' in 0.0004 seconds. Added 0 classes and 0 folders.
[2018.09.14-15.05.29:469][  0]LogContentBrowser: Native class hierarchy updated for 'AddContentDialog' in 0.0004 seconds. Added 0 classes and 0 folders.
[2018.09.14-15.05.29:656][  0]LogContentBrowser: Native class hierarchy updated for 'SceneOutliner' in 0.0005 seconds. Added 1 classes and 2 folders.
[2018.09.14-15.05.29:915][  0]LogContentBrowser: Native class hierarchy updated for 'HierarchicalLODOutliner' in 0.0006 seconds. Added 0 classes and 0 folders.
[2018.09.14-15.05.29:915][  0]LogLoad: (Engine Initialization) Total time: 52.31 seconds
[2018.09.14-15.05.29:915][  0]LogLoad: (Engine Initialization) Total Blueprint compile time: 0.00 seconds
[2018.09.14-15.05.29:931][  0]LogSlate: Took 0.000321 seconds to synchronously load lazily loaded font '../../../Engine/Content/Slate/Fonts/Roboto-Regular.ttf' (155K)
[2018.09.14-15.05.29:939][  0]LogSlate: Took 0.000187 seconds to synchronously load lazily loaded font '../../../Engine/Content/Slate/Fonts/Roboto-Bold.ttf' (160K)
[2018.09.14-15.05.29:956][  0]LogSlate: Took 0.000724 seconds to synchronously load lazily loaded font '../../../Engine/Content/Editor/Slate/Fonts/FontAwesome.ttf' (139K)
[2018.09.14-15.05.31:072][  0]LogRenderer: Reallocating scene render targets to support 1004x468 Format 10 NumSamples 1 (Frame:1).
[2018.09.14-15.05.37:438][  0]LogLinux: Setting swap interval to 'Immediate'
[2018.09.14-15.05.37:438][  0]LogInit: Adding external input plugin.
[2018.09.14-15.05.37:466][  0]LogContentStreaming: Texture pool size now 1000 MB
[2018.09.14-15.05.37:493][  0]LogSlate: Took 0.000389 seconds to synchronously load lazily loaded font '../../../Engine/Content/Slate/Fonts/Roboto-Light.ttf' (167K)
[2018.09.14-15.05.38:519][  3]LogAssetRegistry: Asset discovery search completed in 47.9850 seconds
[2018.09.14-15.05.38:525][  3]LogCollectionManager: Rebuilt the object cache for 0 collections in 0.000002 seconds (found 0 objects)
[2018.09.14-15.05.38:525][  3]LogCollectionManager: Fixed up redirectors for 0 collections in 0.000366 seconds (updated 0 objects)
[2018.09.14-15.06.30:045][ 98]LogHttp: Warning: 0x7f0fe996e480: request failed, libcurl error: 6 (Couldn't resolve host name)
[2018.09.14-15.06.30:045][ 98]LogHttp: Warning: 0x7f0fe996e480: libcurl info message cache 0 (Could not resolve host: datarouter.ol.epicgames.com)
[2018.09.14-15.06.30:045][ 98]LogHttp: Warning: 0x7f0fe996e480: libcurl info message cache 1 (Closing connection 0)
[2018.09.14-15.08.30:113][649]LogHttp: Warning: 0x7f0fe9a03940: request failed, libcurl error: 6 (Couldn't resolve host name)
[2018.09.14-15.08.30:113][649]LogHttp: Warning: 0x7f0fe9a03940: libcurl info message cache 0 (Could not resolve host: datarouter.ol.epicgames.com)
[2018.09.14-15.08.30:113][649]LogHttp: Warning: 0x7f0fe9a03940: libcurl info message cache 1 (Closing connection 1)
[2018.09.14-15.09.08:575][463]LogSlate: FSceneViewport::OnFocusLost() reason 0
[2018.09.14-15.09.08:724][466]LogLinux: Scale at X=0.000000, Y=27.000000: 1.000000 (monitor=#0, HDPI=96.000000 (horz scale: 1.000000), VDPI=96.000000 (vert scale: 1.000000))
[2018.09.14-15.09.08:774][466]LogSlate: Window 'CaveTree - Unreal Editor' being destroyed
[2018.09.14-15.09.08:962][467]Cmd: QUIT_EDITOR
[2018.09.14-15.09.09:050][467]LogSlate: Slate User Destroyed.  User Index 0, Is Virtual User: 0
[2018.09.14-15.09.09:050][467]LogExit: Preparing to exit.
