Log file open, 09/15/18 09:33:37
LogInit: Display: Running engine for game: CaveTree
LogPlatformFile: Not using cached read wrapper
LogTaskGraph: Started task graph with 5 named threads and 8 total threads with 3 sets of task threads.
LogStats: Stats thread started at 0.131850
LogICUInternationalization: Display: ICU TimeZone Detection - Raw Offset: +0:00, Platform Override: ''
LogPluginManager: Mounting plugin Paper2D
LogPluginManager: Mounting plugin MediaPlayerEditor
LogPluginManager: Mounting plugin WmfMedia
LogPluginManager: Mounting plugin AndroidMedia
LogPluginManager: Mounting plugin MediaCompositing
LogPluginManager: Mounting plugin LinearTimecode
LogPluginManager: Mounting plugin AvfMedia
LogPluginManager: Mounting plugin ImgMedia
LogPluginManager: Mounting plugin DatasmithContent
LogPluginManager: Mounting plugin MagicLeapMedia
LogPluginManager: Mounting plugin MagicLeapEmulator
LogPluginManager: Mounting plugin MagicLeap
LogPluginManager: Mounting plugin LauncherChunkInstaller
LogPluginManager: Mounting plugin NullSourceCodeAccess
LogPluginManager: Mounting plugin VisualStudioCodeSourceCodeAccess
LogPluginManager: Mounting plugin CLionSourceCodeAccess
LogPluginManager: Mounting plugin SubversionSourceControl
LogPluginManager: Mounting plugin PerforceSourceControl
LogPluginManager: Mounting plugin XCodeSourceCodeAccess
LogPluginManager: Mounting plugin UObjectPlugin
LogPluginManager: Mounting plugin GitSourceControl
LogPluginManager: Mounting plugin CodeLiteSourceCodeAccess
LogPluginManager: Mounting plugin KDevelopSourceCodeAccess
LogPluginManager: Mounting plugin VisualStudioSourceCodeAccess
LogPluginManager: Mounting plugin AISupport
LogPluginManager: Mounting plugin OnlineSubsystemNull
LogPluginManager: Mounting plugin OnlineSubsystem
LogPluginManager: Mounting plugin OnlineSubsystemGooglePlay
LogPluginManager: Mounting plugin OnlineSubsystemUtils
LogPluginManager: Mounting plugin OnlineSubsystemIOS
LogPluginManager: Mounting plugin NUTUnrealEngine4
LogPluginManager: Mounting plugin NetcodeUnitTest
LogPluginManager: Mounting plugin UdpMessaging
LogPluginManager: Mounting plugin TcpMessaging
LogPluginManager: Mounting plugin AppleVision
LogPluginManager: Mounting plugin GeometryCache
LogPluginManager: Mounting plugin AlembicImporter
LogPluginManager: Mounting plugin AppleImageUtils
LogPluginManager: Mounting plugin HTML5Networking
LogPluginManager: Mounting plugin CharacterAI
LogPluginManager: Mounting plugin ProxyLODPlugin
LogPluginManager: Mounting plugin BackChannel
LogPluginManager: Mounting plugin LevelSequenceEditor
LogPluginManager: Mounting plugin MatineeToLevelSequence
LogPluginManager: Mounting plugin ActorSequence
LogPluginManager: Mounting plugin CableComponent
LogPluginManager: Mounting plugin PhysXVehicles
LogPluginManager: Mounting plugin EditableMesh
LogPluginManager: Mounting plugin CustomMeshComponent
LogPluginManager: Mounting plugin MobilePatchingUtils
LogPluginManager: Mounting plugin AppleMoviePlayer
LogPluginManager: Mounting plugin OculusVR
LogPluginManager: Plugin shader directory ../../../Engine/Plugins/Runtime/Oculus/OculusVR/Shaders found
LogPluginManager: Mapping shader source directory ../../../Engine/Plugins/Runtime/Oculus/OculusVR/Shaders to virtual directory /Plugin/OculusVR
LogPluginManager: Mounting plugin AndroidMoviePlayer
LogPluginManager: Mounting plugin WindowsMoviePlayer
LogPluginManager: Mounting plugin ExampleDeviceProfileSelector
LogPluginManager: Mounting plugin SteamVR
LogPluginManager: Mounting plugin AndroidDeviceProfileSelector
LogPluginManager: Mounting plugin RuntimePhysXCooking
LogPluginManager: Mounting plugin ImmediatePhysics
LogPluginManager: Mounting plugin AudioCapture
LogPluginManager: Mounting plugin IOSDeviceProfileSelector
LogPluginManager: Mounting plugin AndroidPermission
LogPluginManager: Mounting plugin GoogleCloudMessaging
LogPluginManager: Mounting plugin LinuxDeviceProfileSelector
LogPluginManager: Mounting plugin ProceduralMeshComponent
LogPluginManager: Mounting plugin LocationServicesBPLibrary
LogPluginManager: Mounting plugin ArchVisCharacter
LogPluginManager: Mounting plugin AssetManagerEditor
LogPluginManager: Mounting plugin MacGraphicsSwitching
LogPluginManager: Mounting plugin FacialAnimation
LogPluginManager: Mounting plugin CryptoKeys
LogPluginManager: Mounting plugin MeshEditor
LogPluginManager: Mounting plugin DataValidation
LogPluginManager: Mounting plugin MobileLauncherProfileWizard
LogPluginManager: Mounting plugin PluginBrowser
LogPluginManager: Mounting plugin SpeedTreeImporter
LogPluginManager: Mounting plugin GameplayTagsEditor
LogPluginManager: Mounting plugin LightPropagationVolume
LogStreaming: Display: Took  0.741s to configure plugins.
LogInit: Using libcurl 7.48.0-DEV
LogInit:  - built for x86_64-unknown-linux-gnu
LogInit:  - supports SSL with OpenSSL/1.0.2h
LogInit:  - supports HTTP deflate (compression) using libz 1.2.8
LogInit:  - other features:
LogInit:      CURL_VERSION_SSL
LogInit:      CURL_VERSION_LIBZ
LogInit:      CURL_VERSION_IPV6
LogInit:      CURL_VERSION_ASYNCHDNS
LogInit:      CURL_VERSION_LARGEFILE
LogInit:      CURL_VERSION_TLSAUTH_SRP
LogInit:  Libcurl: checking if '/etc/pki/tls/certs/ca-bundle.crt' exists
LogInit:  CurlRequestOptions (configurable via config and command line):
LogInit:  - bVerifyPeer = true  - Libcurl will verify peer certificate
LogInit:  - bUseHttpProxy = false  - Libcurl will NOT use HTTP proxy
LogInit:  - bDontReuseConnections = false  - Libcurl will reuse connections
LogInit:  - CertBundlePath = /etc/pki/tls/certs/ca-bundle.crt  - Libcurl will set CURLOPT_CAINFO to it
LogInit:  - MaxHostConnections = 16  - Libcurl will limit the number of connections to a host
LogInit:  - LocalHostAddr = Default
LogInit:  - BufferSize = 65536
LogInit: Build: ++UE4+Release-4.20-CL-0
LogInit: Engine Version: 4.20.2-0+++UE4+Release-4.20
LogInit: Compatible Engine Version: 4.20.0-0+++UE4+Release-4.20
LogInit: Net CL: 0
LogInit: OS: GenericOSVersionLabel (GenericOSSubVersionLabel), CPU: Intel(R) Core(TM) i3-4010U CPU @ 1.70GHz, GPU: GenericGPUBrand
LogInit: Compiled (64-bit): Sep 14 2018 23:22:42
LogInit: Compiled with Clang: 5.0.0 (tags/RELEASE_500/final)
LogInit: Build Configuration: Development
LogInit: Branch Name: ++UE4+Release-4.20
LogInit: Command Line:  -opengl4
LogInit: Base Directory: /home/john/Public/UnrealEngine/Engine/Binaries/Linux/
LogInit: Installed Engine Build: 0
LogDevObjectVersion: Number of dev versions registered: 20
LogDevObjectVersion:   Dev-Blueprints (B0D832E4-1F89-4F0D-ACCF-7EB736FD4AA2): 10
LogDevObjectVersion:   Dev-Build (E1C64328-A22C-4D53-A36C-8E866417BD8C): 0
LogDevObjectVersion:   Dev-Core (375EC13C-06E4-48FB-B500-84F0262A717E): 2
LogDevObjectVersion:   Dev-Editor (E4B068ED-F494-42E9-A231-DA0B2E46BB41): 24
LogDevObjectVersion:   Dev-Framework (CFFC743F-43B0-4480-9391-14DF171D2073): 34
LogDevObjectVersion:   Dev-Mobile (B02B49B5-BB20-44E9-A304-32B752E40360): 2
LogDevObjectVersion:   Dev-Networking (A4E4105C-59A1-49B5-A7C5-40C4547EDFEE): 0
LogDevObjectVersion:   Dev-Online (39C831C9-5AE6-47DC-9A44-9C173E1C8E7C): 0
LogDevObjectVersion:   Dev-Physics (78F01B33-EBEA-4F98-B9B4-84EACCB95AA2): 0
LogDevObjectVersion:   Dev-Platform (6631380F-2D4D-43E0-8009-CF276956A95A): 0
LogDevObjectVersion:   Dev-Rendering (12F88B9F-8875-4AFC-A67C-D90C383ABD29): 26
LogDevObjectVersion:   Dev-Sequencer (7B5AE74C-D270-4C10-A958-57980B212A5A): 9
LogDevObjectVersion:   Dev-VR (D7296918-1DD6-4BDD-9DE2-64A83CC13884): 2
LogDevObjectVersion:   Dev-LoadTimes (C2A15278-BFE7-4AFE-6C17-90FF531DF755): 1
LogDevObjectVersion:   Private-Geometry (6EACA3D4-40EC-4CC1-B786-8BED09428FC5): 3
LogDevObjectVersion:   Dev-AnimPhys (29E575DD-E0A3-4627-9D10-D276232CDCEA): 17
LogDevObjectVersion:   Dev-ReflectionCapture (6B266CEC-1EC7-4B8F-A30B-E4D90942FC07): 1
LogDevObjectVersion:   Dev-Automation (0DF73D61-A23F-47EA-B727-89E90C41499A): 1
LogDevObjectVersion:   FortniteMain (601D1886-AC64-4F84-AA16-D3DE0DEAC7D6): 12
LogDevObjectVersion:   Dev-Enterprise (9DFFBCD6-494F-0158-E221-12823C92A888): 1
LogStreaming: Display: Took  0.000s to delete old logs.
LogInit: Presizing for max 8388607 objects, including 0 objects not considered by GC, pre-allocating 0 bytes for permanent pool.
LogInit: Object subsystem initialized
[2018.09.15-08.33.39:439][  0]LogInit: Initializing SDL.
[2018.09.15-08.33.39:551][  0]LogInit: Initialized SDL 2.0.5 revision: 11184 (hg-11184:04063928c4a8 with EpicExtensions) (compiled against 2.0.5)
[2018.09.15-08.33.39:551][  0]LogInit: Using SDL_WINDOW_OPENGL
[2018.09.15-08.33.39:551][  0]LogInit: Using SDL video driver 'x11'
[2018.09.15-08.33.39:552][  0]LogInit: Display metrics:
[2018.09.15-08.33.39:552][  0]LogInit:   PrimaryDisplayWidth: 1600
[2018.09.15-08.33.39:552][  0]LogInit:   PrimaryDisplayHeight: 900
[2018.09.15-08.33.39:552][  0]LogInit:   PrimaryDisplayWorkAreaRect:
[2018.09.15-08.33.39:552][  0]LogInit:     Left=0, Top=27, Right=1600, Bottom=900
[2018.09.15-08.33.39:552][  0]LogInit:   VirtualDisplayRect:
[2018.09.15-08.33.39:552][  0]LogInit:     Left=0, Top=27, Right=1600, Bottom=900
[2018.09.15-08.33.39:552][  0]LogInit:   TitleSafePaddingSize: X=0.000 Y=0.000 Z=0.000 W=0.000
[2018.09.15-08.33.39:552][  0]LogInit:   ActionSafePaddingSize: X=0.000 Y=0.000 Z=0.000 W=0.000
[2018.09.15-08.33.39:552][  0]LogInit:   Number of monitors: 1
[2018.09.15-08.33.39:552][  0]LogInit:     Monitor 0
[2018.09.15-08.33.39:552][  0]LogInit:       Name: XWAYLAND0 18"
[2018.09.15-08.33.39:552][  0]LogInit:       ID: display0
[2018.09.15-08.33.39:552][  0]LogInit:       NativeWidth: 1600
[2018.09.15-08.33.39:552][  0]LogInit:       NativeHeight: 900
[2018.09.15-08.33.39:552][  0]LogInit:       bIsPrimary: true
[2018.09.15-08.33.39:553][  0]LogLinux: Selected Device Profile: [Linux]
[2018.09.15-08.33.39:553][  0]LogInit: Applying CVar settings loaded from the selected device profile: [Linux]
[2018.09.15-08.33.39:578][  0]LogHAL: Display: Platform has ~ 4 GB [6127529984 / 4294967296 / 6], which maps to Smallest [LargestMinGB=32, LargerMinGB=12, DefaultMinGB=8, SmallerMinGB=6, SmallestMinGB=0)
[2018.09.15-08.33.39:578][  0]LogInit: Going up to parent DeviceProfile []
[2018.09.15-08.33.39:579][  0]LogInit: Using custom *.sym to symbolicate
[2018.09.15-08.33.39:579][  0]LogInit: Unix hardware info:
[2018.09.15-08.33.39:579][  0]LogInit:  - we are not the first instance of this executable
[2018.09.15-08.33.39:579][  0]LogInit:  - this process' id (pid) is 30924, parent process' id (ppid) is 29304
[2018.09.15-08.33.39:579][  0]LogInit:  - we are not running under debugger
[2018.09.15-08.33.39:579][  0]LogInit:  - machine network name is 'localhost.localdomain'
[2018.09.15-08.33.39:579][  0]LogInit:  - user name is 'john' (john)
[2018.09.15-08.33.39:579][  0]LogInit:  - we're logged in locally
[2018.09.15-08.33.39:579][  0]LogInit:  - we're running with rendering
[2018.09.15-08.33.39:579][  0]LogInit:  - CPU: GenuineIntel 'Intel(R) Core(TM) i3-4010U CPU @ 1.70GHz' (signature: 0x40651)
[2018.09.15-08.33.39:579][  0]LogInit:  - Number of physical cores available for the process: 2
[2018.09.15-08.33.39:579][  0]LogInit:  - Number of logical cores available for the process: 4
[2018.09.15-08.33.39:579][  0]LogInit:  - Cache line size: 64
[2018.09.15-08.33.39:580][  0]LogInit:  - Memory allocator used: binned2
[2018.09.15-08.33.39:580][  0]LogCore: Benchmarking clocks:
[2018.09.15-08.33.39:580][  0]LogCore:  - CLOCK_REALTIME (id=0) can sustain 27792988 (27793K, 28M) calls per second without zero deltas.
[2018.09.15-08.33.39:580][  0]LogCore:  - CLOCK_MONOTONIC (id=1) can sustain 27838891 (27839K, 28M) calls per second without zero deltas.
[2018.09.15-08.33.39:580][  0]LogCore:  - CLOCK_MONOTONIC_RAW (id=4) can sustain 2008202 (2008K, 2M) calls per second without zero deltas.
[2018.09.15-08.33.39:580][  0]LogCore:  - CLOCK_MONOTONIC_COARSE (id=6) can sustain 91263880 (91264K, 91M) calls per second with 99.998893% zero deltas.
[2018.09.15-08.33.39:580][  0]LogCore: Selected clock_id 1 (CLOCK_MONOTONIC) since it is the fastest support clock without zero deltas.
[2018.09.15-08.33.39:580][  0]LogInit: Unix-specific commandline switches:
[2018.09.15-08.33.39:580][  0]LogInit:  -nodwarf (currently OFF): suppress parsing of DWARF debug info (callstacks will be generated faster, but won't have line numbers)
[2018.09.15-08.33.39:580][  0]LogInit:  -ansimalloc - use malloc()/free() from libc (useful for tools like valgrind and electric fence)
[2018.09.15-08.33.39:580][  0]LogInit:  -jemalloc - use jemalloc for all memory allocation
[2018.09.15-08.33.39:580][  0]LogInit:  -binnedmalloc - use binned malloc  for all memory allocation
[2018.09.15-08.33.39:580][  0]LogInit:  -filemapcachesize=NUMBER - set the size for case-sensitive file mapping cache
[2018.09.15-08.33.39:580][  0]LogInit:  -httpproxy=ADDRESS:PORT - redirects HTTP requests to a proxy (only supported if compiled with libcurl)
[2018.09.15-08.33.39:580][  0]LogInit:  -reuseconn - allow libcurl to reuse HTTP connections (only matters if compiled with libcurl)
[2018.09.15-08.33.39:580][  0]LogInit:  -virtmemkb=NUMBER - sets process virtual memory (address space) limit (overrides VirtualMemoryLimitInKB value from .ini)
[2018.09.15-08.33.39:581][  0]LogInit:  - Physical RAM available (not considering process quota): 6 GB (5843 MB, 5983916 KB, 6127529984 bytes)
[2018.09.15-08.33.39:852][  0]LogInit: Using OS detected language (en-IE).
[2018.09.15-08.33.39:852][  0]LogInit: Using OS detected locale (en-IE).
[2018.09.15-08.33.39:853][  0]LogTextLocalizationManager: No specific localization for 'en-IE' exists, so the 'en' localization will be used.
[2018.09.15-08.33.40:792][  0]LogStreaming: Display: Took  0.940s to InitEngineTextLocalization.
[2018.09.15-08.33.40:932][  0]LogSlate: New Slate User Created.  User Index 0, Is Virtual User: 0
[2018.09.15-08.33.40:932][  0]LogSlate: Slate User Registered.  User Index 0, Is Virtual User: 0
[2018.09.15-08.33.42:772][  0]LogRHI: Initializing OpenGL RHI
[2018.09.15-08.33.42:772][  0]LogRHI:   GL_VENDOR: Intel Open Source Technology Center
[2018.09.15-08.33.42:772][  0]LogRHI:   GL_RENDERER: Mesa DRI Intel(R) Haswell Mobile 
[2018.09.15-08.33.42:772][  0]LogRHI:   GL_VERSION: 4.5 (Core Profile) Mesa 18.0.5
[2018.09.15-08.33.42:772][  0]LogRHI:   GL_SHADING_LANGUAGE_VERSION: 4.50
[2018.09.15-08.33.42:772][  0]LogRHI: OpenGL Extensions:
[2018.09.15-08.33.42:772][  0]LogRHI:   GL_3DFX_texture_compression_FXT1
[2018.09.15-08.33.42:772][  0]LogRHI:   GL_AMD_conservative_depth
[2018.09.15-08.33.42:772][  0]LogRHI:   GL_AMD_draw_buffers_blend
[2018.09.15-08.33.42:772][  0]LogRHI:   GL_AMD_seamless_cubemap_per_texture
[2018.09.15-08.33.42:772][  0]LogRHI:   GL_AMD_shader_trinary_minmax
[2018.09.15-08.33.42:772][  0]LogRHI:   GL_AMD_vertex_shader_layer
[2018.09.15-08.33.42:772][  0]LogRHI:   GL_AMD_vertex_shader_viewport_index
[2018.09.15-08.33.42:772][  0]LogRHI:   GL_ANGLE_texture_compression_dxt3
[2018.09.15-08.33.42:772][  0]LogRHI:   GL_ANGLE_texture_compression_dxt5
[2018.09.15-08.33.42:772][  0]LogRHI:   GL_APPLE_object_purgeable
[2018.09.15-08.33.42:772][  0]LogRHI:   GL_ARB_ES2_compatibility
[2018.09.15-08.33.42:772][  0]LogRHI:   GL_ARB_ES3_1_compatibility
[2018.09.15-08.33.42:772][  0]LogRHI:   GL_ARB_ES3_compatibility
[2018.09.15-08.33.42:772][  0]LogRHI:   GL_ARB_arrays_of_arrays
[2018.09.15-08.33.42:772][  0]LogRHI:   GL_ARB_base_instance
[2018.09.15-08.33.42:772][  0]LogRHI:   GL_ARB_blend_func_extended
[2018.09.15-08.33.42:772][  0]LogRHI:   GL_ARB_buffer_storage
[2018.09.15-08.33.42:772][  0]LogRHI:   GL_ARB_clear_buffer_object
[2018.09.15-08.33.42:772][  0]LogRHI:   GL_ARB_clear_texture
[2018.09.15-08.33.42:772][  0]LogRHI:   GL_ARB_clip_control
[2018.09.15-08.33.42:772][  0]LogRHI:   GL_ARB_compressed_texture_pixel_storage
[2018.09.15-08.33.42:772][  0]LogRHI:   GL_ARB_compute_shader
[2018.09.15-08.33.42:772][  0]LogRHI:   GL_ARB_conditional_render_inverted
[2018.09.15-08.33.42:773][  0]LogRHI:   GL_ARB_conservative_depth
[2018.09.15-08.33.42:773][  0]LogRHI:   GL_ARB_copy_buffer
[2018.09.15-08.33.42:773][  0]LogRHI:   GL_ARB_copy_image
[2018.09.15-08.33.42:773][  0]LogRHI:   GL_ARB_cull_distance
[2018.09.15-08.33.42:773][  0]LogRHI:   GL_ARB_debug_output
[2018.09.15-08.33.42:773][  0]LogRHI:   GL_ARB_depth_buffer_float
[2018.09.15-08.33.42:773][  0]LogRHI:   GL_ARB_depth_clamp
[2018.09.15-08.33.42:773][  0]LogRHI:   GL_ARB_derivative_control
[2018.09.15-08.33.42:773][  0]LogRHI:   GL_ARB_direct_state_access
[2018.09.15-08.33.42:773][  0]LogRHI:   GL_ARB_draw_buffers
[2018.09.15-08.33.42:773][  0]LogRHI:   GL_ARB_draw_buffers_blend
[2018.09.15-08.33.42:773][  0]LogRHI:   GL_ARB_draw_elements_base_vertex
[2018.09.15-08.33.42:773][  0]LogRHI:   GL_ARB_draw_indirect
[2018.09.15-08.33.42:773][  0]LogRHI:   GL_ARB_draw_instanced
[2018.09.15-08.33.42:773][  0]LogRHI:   GL_ARB_enhanced_layouts
[2018.09.15-08.33.42:773][  0]LogRHI:   GL_ARB_explicit_attrib_location
[2018.09.15-08.33.42:773][  0]LogRHI:   GL_ARB_explicit_uniform_location
[2018.09.15-08.33.42:773][  0]LogRHI:   GL_ARB_fragment_coord_conventions
[2018.09.15-08.33.42:773][  0]LogRHI:   GL_ARB_fragment_layer_viewport
[2018.09.15-08.33.42:773][  0]LogRHI:   GL_ARB_fragment_shader
[2018.09.15-08.33.42:773][  0]LogRHI:   GL_ARB_framebuffer_no_attachments
[2018.09.15-08.33.42:773][  0]LogRHI:   GL_ARB_framebuffer_object
[2018.09.15-08.33.42:773][  0]LogRHI:   GL_ARB_framebuffer_sRGB
[2018.09.15-08.33.42:773][  0]LogRHI:   GL_ARB_get_program_binary
[2018.09.15-08.33.42:773][  0]LogRHI:   GL_ARB_get_texture_sub_image
[2018.09.15-08.33.42:773][  0]LogRHI:   GL_ARB_gpu_shader5
[2018.09.15-08.33.42:773][  0]LogRHI:   GL_ARB_gpu_shader_fp64
[2018.09.15-08.33.42:773][  0]LogRHI:   GL_ARB_half_float_pixel
[2018.09.15-08.33.42:773][  0]LogRHI:   GL_ARB_half_float_vertex
[2018.09.15-08.33.42:773][  0]LogRHI:   GL_ARB_indirect_parameters
[2018.09.15-08.33.42:773][  0]LogRHI:   GL_ARB_instanced_arrays
[2018.09.15-08.33.42:773][  0]LogRHI:   GL_ARB_internalformat_query
[2018.09.15-08.33.42:773][  0]LogRHI:   GL_ARB_internalformat_query2
[2018.09.15-08.33.42:773][  0]LogRHI:   GL_ARB_invalidate_subdata
[2018.09.15-08.33.42:773][  0]LogRHI:   GL_ARB_map_buffer_alignment
[2018.09.15-08.33.42:773][  0]LogRHI:   GL_ARB_map_buffer_range
[2018.09.15-08.33.42:773][  0]LogRHI:   GL_ARB_multi_bind
[2018.09.15-08.33.42:773][  0]LogRHI:   GL_ARB_multi_draw_indirect
[2018.09.15-08.33.42:773][  0]LogRHI:   GL_ARB_occlusion_query2
[2018.09.15-08.33.42:773][  0]LogRHI:   GL_ARB_pipeline_statistics_query
[2018.09.15-08.33.42:773][  0]LogRHI:   GL_ARB_pixel_buffer_object
[2018.09.15-08.33.42:773][  0]LogRHI:   GL_ARB_point_sprite
[2018.09.15-08.33.42:773][  0]LogRHI:   GL_ARB_polygon_offset_clamp
[2018.09.15-08.33.42:773][  0]LogRHI:   GL_ARB_program_interface_query
[2018.09.15-08.33.42:773][  0]LogRHI:   GL_ARB_provoking_vertex
[2018.09.15-08.33.42:773][  0]LogRHI:   GL_ARB_query_buffer_object
[2018.09.15-08.33.42:773][  0]LogRHI:   GL_ARB_robust_buffer_access_behavior
[2018.09.15-08.33.42:773][  0]LogRHI:   GL_ARB_robustness
[2018.09.15-08.33.42:773][  0]LogRHI:   GL_ARB_sample_shading
[2018.09.15-08.33.42:773][  0]LogRHI:   GL_ARB_sampler_objects
[2018.09.15-08.33.42:773][  0]LogRHI:   GL_ARB_seamless_cube_map
[2018.09.15-08.33.42:773][  0]LogRHI:   GL_ARB_seamless_cubemap_per_texture
[2018.09.15-08.33.42:773][  0]LogRHI:   GL_ARB_separate_shader_objects
[2018.09.15-08.33.42:774][  0]LogRHI:   GL_ARB_shader_atomic_counter_ops
[2018.09.15-08.33.42:774][  0]LogRHI:   GL_ARB_shader_atomic_counters
[2018.09.15-08.33.42:774][  0]LogRHI:   GL_ARB_shader_bit_encoding
[2018.09.15-08.33.42:774][  0]LogRHI:   GL_ARB_shader_clock
[2018.09.15-08.33.42:774][  0]LogRHI:   GL_ARB_shader_draw_parameters
[2018.09.15-08.33.42:774][  0]LogRHI:   GL_ARB_shader_group_vote
[2018.09.15-08.33.42:774][  0]LogRHI:   GL_ARB_shader_image_load_store
[2018.09.15-08.33.42:774][  0]LogRHI:   GL_ARB_shader_image_size
[2018.09.15-08.33.42:774][  0]LogRHI:   GL_ARB_shader_objects
[2018.09.15-08.33.42:774][  0]LogRHI:   GL_ARB_shader_precision
[2018.09.15-08.33.42:774][  0]LogRHI:   GL_ARB_shader_storage_buffer_object
[2018.09.15-08.33.42:774][  0]LogRHI:   GL_ARB_shader_subroutine
[2018.09.15-08.33.42:774][  0]LogRHI:   GL_ARB_shader_texture_image_samples
[2018.09.15-08.33.42:774][  0]LogRHI:   GL_ARB_shader_texture_lod
[2018.09.15-08.33.42:774][  0]LogRHI:   GL_ARB_shader_viewport_layer_array
[2018.09.15-08.33.42:774][  0]LogRHI:   GL_ARB_shading_language_420pack
[2018.09.15-08.33.42:774][  0]LogRHI:   GL_ARB_shading_language_packing
[2018.09.15-08.33.42:774][  0]LogRHI:   GL_ARB_stencil_texturing
[2018.09.15-08.33.42:774][  0]LogRHI:   GL_ARB_sync
[2018.09.15-08.33.42:774][  0]LogRHI:   GL_ARB_tessellation_shader
[2018.09.15-08.33.42:774][  0]LogRHI:   GL_ARB_texture_barrier
[2018.09.15-08.33.42:774][  0]LogRHI:   GL_ARB_texture_buffer_object
[2018.09.15-08.33.42:774][  0]LogRHI:   GL_ARB_texture_buffer_object_rgb32
[2018.09.15-08.33.42:774][  0]LogRHI:   GL_ARB_texture_buffer_range
[2018.09.15-08.33.42:774][  0]LogRHI:   GL_ARB_texture_compression_bptc
[2018.09.15-08.33.42:774][  0]LogRHI:   GL_ARB_texture_compression_rgtc
[2018.09.15-08.33.42:774][  0]LogRHI:   GL_ARB_texture_cube_map_array
[2018.09.15-08.33.42:774][  0]LogRHI:   GL_ARB_texture_filter_anisotropic
[2018.09.15-08.33.42:774][  0]LogRHI:   GL_ARB_texture_float
[2018.09.15-08.33.42:774][  0]LogRHI:   GL_ARB_texture_gather
[2018.09.15-08.33.42:774][  0]LogRHI:   GL_ARB_texture_mirror_clamp_to_edge
[2018.09.15-08.33.42:774][  0]LogRHI:   GL_ARB_texture_multisample
[2018.09.15-08.33.42:774][  0]LogRHI:   GL_ARB_texture_non_power_of_two
[2018.09.15-08.33.42:774][  0]LogRHI:   GL_ARB_texture_query_levels
[2018.09.15-08.33.42:774][  0]LogRHI:   GL_ARB_texture_query_lod
[2018.09.15-08.33.42:774][  0]LogRHI:   GL_ARB_texture_rectangle
[2018.09.15-08.33.42:774][  0]LogRHI:   GL_ARB_texture_rg
[2018.09.15-08.33.42:774][  0]LogRHI:   GL_ARB_texture_rgb10_a2ui
[2018.09.15-08.33.42:774][  0]LogRHI:   GL_ARB_texture_stencil8
[2018.09.15-08.33.42:774][  0]LogRHI:   GL_ARB_texture_storage
[2018.09.15-08.33.42:774][  0]LogRHI:   GL_ARB_texture_storage_multisample
[2018.09.15-08.33.42:774][  0]LogRHI:   GL_ARB_texture_swizzle
[2018.09.15-08.33.42:774][  0]LogRHI:   GL_ARB_texture_view
[2018.09.15-08.33.42:774][  0]LogRHI:   GL_ARB_timer_query
[2018.09.15-08.33.42:774][  0]LogRHI:   GL_ARB_transform_feedback2
[2018.09.15-08.33.42:774][  0]LogRHI:   GL_ARB_transform_feedback3
[2018.09.15-08.33.42:774][  0]LogRHI:   GL_ARB_transform_feedback_instanced
[2018.09.15-08.33.42:774][  0]LogRHI:   GL_ARB_transform_feedback_overflow_query
[2018.09.15-08.33.42:774][  0]LogRHI:   GL_ARB_uniform_buffer_object
[2018.09.15-08.33.42:774][  0]LogRHI:   GL_ARB_vertex_array_bgra
[2018.09.15-08.33.42:774][  0]LogRHI:   GL_ARB_vertex_array_object
[2018.09.15-08.33.42:774][  0]LogRHI:   GL_ARB_vertex_attrib_64bit
[2018.09.15-08.33.42:774][  0]LogRHI:   GL_ARB_vertex_attrib_binding
[2018.09.15-08.33.42:774][  0]LogRHI:   GL_ARB_vertex_shader
[2018.09.15-08.33.42:774][  0]LogRHI:   GL_ARB_vertex_type_10f_11f_11f_rev
[2018.09.15-08.33.42:774][  0]LogRHI:   GL_ARB_vertex_type_2_10_10_10_rev
[2018.09.15-08.33.42:774][  0]LogRHI:   GL_ARB_viewport_array
[2018.09.15-08.33.42:774][  0]LogRHI:   GL_ATI_blend_equation_separate
[2018.09.15-08.33.42:774][  0]LogRHI:   GL_ATI_texture_float
[2018.09.15-08.33.42:774][  0]LogRHI:   GL_EXT_abgr
[2018.09.15-08.33.42:774][  0]LogRHI:   GL_EXT_blend_equation_separate
[2018.09.15-08.33.42:774][  0]LogRHI:   GL_EXT_draw_buffers2
[2018.09.15-08.33.42:775][  0]LogRHI:   GL_EXT_draw_instanced
[2018.09.15-08.33.42:775][  0]LogRHI:   GL_EXT_framebuffer_blit
[2018.09.15-08.33.42:775][  0]LogRHI:   GL_EXT_framebuffer_multisample
[2018.09.15-08.33.42:775][  0]LogRHI:   GL_EXT_framebuffer_multisample_blit_scaled
[2018.09.15-08.33.42:775][  0]LogRHI:   GL_EXT_framebuffer_sRGB
[2018.09.15-08.33.42:775][  0]LogRHI:   GL_EXT_packed_depth_stencil
[2018.09.15-08.33.42:775][  0]LogRHI:   GL_EXT_packed_float
[2018.09.15-08.33.42:775][  0]LogRHI:   GL_EXT_pixel_buffer_object
[2018.09.15-08.33.42:775][  0]LogRHI:   GL_EXT_polygon_offset_clamp
[2018.09.15-08.33.42:775][  0]LogRHI:   GL_EXT_provoking_vertex
[2018.09.15-08.33.42:775][  0]LogRHI:   GL_EXT_shader_integer_mix
[2018.09.15-08.33.42:775][  0]LogRHI:   GL_EXT_shader_samples_identical
[2018.09.15-08.33.42:775][  0]LogRHI:   GL_EXT_texture_array
[2018.09.15-08.33.42:775][  0]LogRHI:   GL_EXT_texture_compression_dxt1
[2018.09.15-08.33.42:775][  0]LogRHI:   GL_EXT_texture_compression_rgtc
[2018.09.15-08.33.42:775][  0]LogRHI:   GL_EXT_texture_compression_s3tc
[2018.09.15-08.33.42:775][  0]LogRHI:   GL_EXT_texture_filter_anisotropic
[2018.09.15-08.33.42:775][  0]LogRHI:   GL_EXT_texture_integer
[2018.09.15-08.33.42:775][  0]LogRHI:   GL_EXT_texture_sRGB
[2018.09.15-08.33.42:775][  0]LogRHI:   GL_EXT_texture_sRGB_decode
[2018.09.15-08.33.42:775][  0]LogRHI:   GL_EXT_texture_shared_exponent
[2018.09.15-08.33.42:775][  0]LogRHI:   GL_EXT_texture_snorm
[2018.09.15-08.33.42:775][  0]LogRHI:   GL_EXT_texture_swizzle
[2018.09.15-08.33.42:775][  0]LogRHI:   GL_EXT_timer_query
[2018.09.15-08.33.42:775][  0]LogRHI:   GL_EXT_transform_feedback
[2018.09.15-08.33.42:775][  0]LogRHI:   GL_EXT_vertex_array_bgra
[2018.09.15-08.33.42:775][  0]LogRHI:   GL_IBM_multimode_draw_arrays
[2018.09.15-08.33.42:775][  0]LogRHI:   GL_INTEL_performance_query
[2018.09.15-08.33.42:775][  0]LogRHI:   GL_KHR_blend_equation_advanced
[2018.09.15-08.33.42:775][  0]LogRHI:   GL_KHR_context_flush_control
[2018.09.15-08.33.42:775][  0]LogRHI:   GL_KHR_debug
[2018.09.15-08.33.42:775][  0]LogRHI:   GL_KHR_no_error
[2018.09.15-08.33.42:775][  0]LogRHI:   GL_KHR_robust_buffer_access_behavior
[2018.09.15-08.33.42:775][  0]LogRHI:   GL_KHR_robustness
[2018.09.15-08.33.42:775][  0]LogRHI:   GL_MESA_pack_invert
[2018.09.15-08.33.42:775][  0]LogRHI:   GL_MESA_shader_integer_functions
[2018.09.15-08.33.42:775][  0]LogRHI:   GL_MESA_texture_signed_rgba
[2018.09.15-08.33.42:775][  0]LogRHI:   GL_NV_conditional_render
[2018.09.15-08.33.42:775][  0]LogRHI:   GL_NV_depth_clamp
[2018.09.15-08.33.42:775][  0]LogRHI:   GL_NV_packed_depth_stencil
[2018.09.15-08.33.42:775][  0]LogRHI:   GL_NV_texture_barrier
[2018.09.15-08.33.42:775][  0]LogRHI:   GL_OES_EGL_image
[2018.09.15-08.33.42:775][  0]LogRHI:   GL_S3_s3tc
[2018.09.15-08.33.42:806][  0]LogRHI:   GL_MAX_TEXTURE_SIZE: 16384
[2018.09.15-08.33.42:806][  0]LogRHI:   GL_MAX_CUBE_MAP_TEXTURE_SIZE: 16384
[2018.09.15-08.33.42:806][  0]LogRHI:   GL_MAX_ARRAY_TEXTURE_LAYERS: 2048
[2018.09.15-08.33.42:806][  0]LogRHI:   GL_MAX_3D_TEXTURE_SIZE: 2048
[2018.09.15-08.33.42:806][  0]LogRHI:   GL_MAX_RENDERBUFFER_SIZE: 16384
[2018.09.15-08.33.42:806][  0]LogRHI:   GL_MAX_TEXTURE_IMAGE_UNITS: 32
[2018.09.15-08.33.42:806][  0]LogRHI:   GL_MAX_DRAW_BUFFERS: 8
[2018.09.15-08.33.42:806][  0]LogRHI:   GL_MAX_COLOR_ATTACHMENTS: 8
[2018.09.15-08.33.42:806][  0]LogRHI:   GL_MAX_SAMPLES: 8
[2018.09.15-08.33.42:806][  0]LogRHI:   GL_MAX_COLOR_TEXTURE_SAMPLES: 8
[2018.09.15-08.33.42:806][  0]LogRHI:   GL_MAX_DEPTH_TEXTURE_SAMPLES: 8
[2018.09.15-08.33.42:806][  0]LogRHI:   GL_MAX_INTEGER_SAMPLES: 8
[2018.09.15-08.33.42:806][  0]LogRHI:   GL_MAX_COMBINED_TEXTURE_IMAGE_UNITS: 192
[2018.09.15-08.33.42:806][  0]LogRHI:   GL_MAX_VERTEX_ATTRIBS: 16
[2018.09.15-08.33.42:806][  0]LogRHI:   GL_MAX_TEXTURE_MAX_ANISOTROPY_EXT: 16
[2018.09.15-08.33.42:806][  0]LogRHI: OpenGL MajorVersion = 4, MinorVersion = 5, ShaderPlatform = GLSL_430, FeatureLevel = SM5
[2018.09.15-08.33.42:825][  0]LogShaderCompilers: Guid format shader working directory is 14 characters bigger than the processId version (../../../../../Documents/CaveTree/Intermediate/Shaders/WorkingDirectory/30924/).
[2018.09.15-08.33.42:825][  0]LogShaderCompilers: Cleaned the shader compiler working directory '../../../../../Documents/CaveTree/Intermediate/Shaders/tmp/00046C7908D61AEE53B28244485CB22E/'.
[2018.09.15-08.33.42:826][  0]LogShaderCompilers: Display: Using Local Shader Compiler.
[2018.09.15-08.33.46:176][  0]LogTemp: Display: Loaded TP AllDesktopTargetPlatform
[2018.09.15-08.33.46:398][  0]LogTemp: Display: Loaded TP LinuxClientTargetPlatform
[2018.09.15-08.33.46:620][  0]LogTemp: Display: Loaded TP LinuxNoEditorTargetPlatform
[2018.09.15-08.33.46:842][  0]LogTemp: Display: Loaded TP LinuxServerTargetPlatform
[2018.09.15-08.33.47:050][  0]LogTemp: Display: Loaded TP LinuxTargetPlatform
[2018.09.15-08.33.47:263][  0]LogTemp: Display: Loaded TP HTML5TargetPlatform
[2018.09.15-08.33.47:568][  0]LogTemp: Display: Loaded TP AndroidTargetPlatform
[2018.09.15-08.33.47:568][  0]LogTemp: Display: Loaded TP AndroidTargetPlatform
[2018.09.15-08.33.47:568][  0]LogTemp: Display: Loaded TP AndroidTargetPlatform
[2018.09.15-08.33.47:568][  0]LogTemp: Display: Loaded TP AndroidTargetPlatform
[2018.09.15-08.33.47:568][  0]LogTemp: Display: Loaded TP AndroidTargetPlatform
[2018.09.15-08.33.47:568][  0]LogTemp: Display: Loaded TP AndroidTargetPlatform
[2018.09.15-08.33.47:568][  0]LogTemp: Display: Loaded TP AndroidTargetPlatform
[2018.09.15-08.33.47:568][  0]LogTemp: Display: Loaded TP AndroidTargetPlatform
[2018.09.15-08.33.47:568][  0]LogTemp: Display: Loaded TP AndroidTargetPlatform
[2018.09.15-08.33.47:568][  0]LogTemp: Display: Loaded TP AndroidTargetPlatform
[2018.09.15-08.33.47:568][  0]LogTemp: Display: Loaded TP AndroidTargetPlatform
[2018.09.15-08.33.47:568][  0]LogTemp: Display: Loaded TP AndroidTargetPlatform
[2018.09.15-08.33.47:568][  0]LogTemp: Display: Loaded TP AndroidTargetPlatform
[2018.09.15-08.33.47:568][  0]LogTemp: Display: Loaded TP AndroidTargetPlatform
[2018.09.15-08.33.47:568][  0]LogTemp: Display: Loaded TP AndroidTargetPlatform
[2018.09.15-08.33.47:568][  0]LogTemp: Display: Loaded TP AndroidTargetPlatform
[2018.09.15-08.33.47:568][  0]LogTemp: Display: Loaded TP AndroidTargetPlatform
[2018.09.15-08.33.47:568][  0]LogTemp: Display: Loaded TP AndroidTargetPlatform
[2018.09.15-08.33.47:582][  0]LogTargetPlatformManager: Display: Building Assets For Linux
[2018.09.15-08.33.48:344][  0]LogDerivedDataCache: Display: Max Cache Size: 512 MB
[2018.09.15-08.33.48:575][  0]LogDerivedDataCache: Loaded boot cache 0.23s 84MB ../../../../../Documents/CaveTree/DerivedDataCache/Boot.ddc.
[2018.09.15-08.33.48:575][  0]LogDerivedDataCache: Display: Loaded Boot cache: ../../../../../Documents/CaveTree/DerivedDataCache/Boot.ddc
[2018.09.15-08.33.48:576][  0]LogDerivedDataCache: FDerivedDataBackendGraph:  Pak pak cache file ../../../../../Documents/CaveTree/DerivedDataCache/DDC.ddp not found, will not use a pak cache.
[2018.09.15-08.33.48:576][  0]LogDerivedDataCache: Unable to find inner node Pak for hierarchical cache Hierarchy.
[2018.09.15-08.33.48:576][  0]LogDerivedDataCache: FDerivedDataBackendGraph:  EnginePak pak cache file ../../../Engine/DerivedDataCache/DDC.ddp not found, will not use a pak cache.
[2018.09.15-08.33.48:576][  0]LogDerivedDataCache: Unable to find inner node EnginePak for hierarchical cache Hierarchy.
[2018.09.15-08.33.48:577][  0]LogDerivedDataCache: Using Local data cache path ../../../Engine/DerivedDataCache: Writable
[2018.09.15-08.33.48:577][  0]LogDerivedDataCache: Shared data cache path not found in *engine.ini, will not use an Shared cache.
[2018.09.15-08.33.48:577][  0]LogDerivedDataCache: Unable to find inner node Shared for hierarchical cache Hierarchy.
[2018.09.15-08.33.48:626][  0]LogMaterial: Verifying Global Shaders for GLSL_430
[2018.09.15-08.33.48:642][  0]LogSlate: Using FreeType 2.6.0
[2018.09.15-08.33.48:644][  0]LogSlate: SlateFontServices - WITH_FREETYPE: 1, WITH_HARFBUZZ: 0
[2018.09.15-08.33.48:804][  0]LogAssetRegistry: FAssetRegistry took 0.0056 seconds to start up
[2018.09.15-08.33.49:471][  0]LogLinux: Selected Device Profile: [Linux]
[2018.09.15-08.33.50:311][  0]LogMeshReduction: Using QuadricMeshReduction for automatic static mesh reduction
[2018.09.15-08.33.50:311][  0]LogMeshReduction: No automatic skeletal mesh reduction module available
[2018.09.15-08.33.50:311][  0]LogMeshReduction: No automatic mesh merging module available
[2018.09.15-08.33.50:311][  0]LogMeshReduction: No distributed automatic mesh merging module available
[2018.09.15-08.33.50:311][  0]LogMeshMerging: No automatic mesh merging module available
[2018.09.15-08.33.50:311][  0]LogMeshMerging: No distributed automatic mesh merging module available
[2018.09.15-08.33.50:348][  0]LogNetVersion: CaveTree 1.0.0, NetCL: 0, EngineNetVer: 5, GameNetVer: 0 (Checksum: 1206919045)
[2018.09.15-08.33.51:806][  0]LogPackageLocalizationCache: Processed 11 localized package path(s) for 2 prioritized culture(s) in 0.109637 seconds
[2018.09.15-08.33.51:841][  0]LogUObjectArray: 37547 objects as part of root set at end of initial load.
[2018.09.15-08.33.51:841][  0]LogUObjectAllocator: 6509480 out of 0 bytes used by permanent object pool.
[2018.09.15-08.33.51:841][  0]LogUObjectArray: CloseDisregardForGC: 0/0 objects in disregard for GC pool
[2018.09.15-08.33.52:287][  0]LogHAL: Linux SourceCodeAccessSettings: NullSourceCodeAccessor
[2018.09.15-08.33.54:003][  0]LogStreaming: Warning: Failed to read file '../../../Engine/Content/Editor/Slate/Launcher/Mac/Platform_Mac_24x.png' error.
[2018.09.15-08.33.54:003][  0]LogSlate: Could not find file for Slate resource: ../../../Engine/Content/Editor/Slate/Launcher/Mac/Platform_Mac_24x.png
[2018.09.15-08.33.54:004][  0]LogStreaming: Warning: Failed to read file '../../../Engine/Content/Editor/Slate/Launcher/Mac/Platform_Mac_128x.png' error.
[2018.09.15-08.33.54:004][  0]LogSlate: Could not find file for Slate resource: ../../../Engine/Content/Editor/Slate/Launcher/Mac/Platform_Mac_128x.png
[2018.09.15-08.33.54:004][  0]LogStreaming: Warning: Failed to read file '../../../Engine/Content/Editor/Slate/Launcher/Mac/Platform_Mac_128x.png' error.
[2018.09.15-08.33.54:004][  0]LogSlate: Could not find file for Slate resource: ../../../Engine/Content/Editor/Slate/Launcher/Mac/Platform_Mac_128x.png
[2018.09.15-08.33.54:004][  0]LogStreaming: Warning: Failed to read file '../../../Engine/Content/Editor/Slate/Launcher/Mac/Platform_Mac_24x.png' error.
[2018.09.15-08.33.54:004][  0]LogSlate: Could not find file for Slate resource: ../../../Engine/Content/Editor/Slate/Launcher/Mac/Platform_Mac_24x.png
[2018.09.15-08.33.54:005][  0]LogStreaming: Warning: Failed to read file '../../../Engine/Content/Editor/Slate/Launcher/Mac/Platform_Mac_128x.png' error.
[2018.09.15-08.33.54:005][  0]LogSlate: Could not find file for Slate resource: ../../../Engine/Content/Editor/Slate/Launcher/Mac/Platform_Mac_128x.png
[2018.09.15-08.33.54:005][  0]LogStreaming: Warning: Failed to read file '../../../Engine/Content/Editor/Slate/Launcher/Mac/Platform_Mac_128x.png' error.
[2018.09.15-08.33.54:005][  0]LogSlate: Could not find file for Slate resource: ../../../Engine/Content/Editor/Slate/Launcher/Mac/Platform_Mac_128x.png
[2018.09.15-08.33.54:006][  0]LogStreaming: Warning: Failed to read file '../../../Engine/Content/Editor/Slate/Launcher/Mac/Platform_Mac_24x.png' error.
[2018.09.15-08.33.54:006][  0]LogSlate: Could not find file for Slate resource: ../../../Engine/Content/Editor/Slate/Launcher/Mac/Platform_Mac_24x.png
[2018.09.15-08.33.54:006][  0]LogStreaming: Warning: Failed to read file '../../../Engine/Content/Editor/Slate/Launcher/Mac/Platform_Mac_128x.png' error.
[2018.09.15-08.33.54:006][  0]LogSlate: Could not find file for Slate resource: ../../../Engine/Content/Editor/Slate/Launcher/Mac/Platform_Mac_128x.png
[2018.09.15-08.33.54:006][  0]LogStreaming: Warning: Failed to read file '../../../Engine/Content/Editor/Slate/Launcher/Mac/Platform_Mac_128x.png' error.
[2018.09.15-08.33.54:007][  0]LogSlate: Could not find file for Slate resource: ../../../Engine/Content/Editor/Slate/Launcher/Mac/Platform_Mac_128x.png
[2018.09.15-08.33.54:007][  0]LogStreaming: Warning: Failed to read file '../../../Engine/Content/Editor/Slate/Launcher/Mac/Platform_Mac_24x.png' error.
[2018.09.15-08.33.54:007][  0]LogSlate: Could not find file for Slate resource: ../../../Engine/Content/Editor/Slate/Launcher/Mac/Platform_Mac_24x.png
[2018.09.15-08.33.54:007][  0]LogStreaming: Warning: Failed to read file '../../../Engine/Content/Editor/Slate/Launcher/Mac/Platform_Mac_128x.png' error.
[2018.09.15-08.33.54:007][  0]LogSlate: Could not find file for Slate resource: ../../../Engine/Content/Editor/Slate/Launcher/Mac/Platform_Mac_128x.png
[2018.09.15-08.33.54:008][  0]LogStreaming: Warning: Failed to read file '../../../Engine/Content/Editor/Slate/Launcher/Mac/Platform_Mac_128x.png' error.
[2018.09.15-08.33.54:008][  0]LogSlate: Could not find file for Slate resource: ../../../Engine/Content/Editor/Slate/Launcher/Mac/Platform_Mac_128x.png
[2018.09.15-08.33.54:014][  0]LogStreaming: Warning: Failed to read file '../../../Engine/Content/Editor/Slate/Launcher/Android/Platform_Android_24x.png' error.
[2018.09.15-08.33.54:014][  0]LogSlate: Could not find file for Slate resource: ../../../Engine/Content/Editor/Slate/Launcher/Android/Platform_Android_24x.png
[2018.09.15-08.33.54:014][  0]LogStreaming: Warning: Failed to read file '../../../Engine/Content/Editor/Slate/Launcher/Android/Platform_Android_128x.png' error.
[2018.09.15-08.33.54:014][  0]LogSlate: Could not find file for Slate resource: ../../../Engine/Content/Editor/Slate/Launcher/Android/Platform_Android_128x.png
[2018.09.15-08.33.54:015][  0]LogStreaming: Warning: Failed to read file '../../../Engine/Content/Editor/Slate/Launcher/Android/Platform_Android_128x.png' error.
[2018.09.15-08.33.54:015][  0]LogSlate: Could not find file for Slate resource: ../../../Engine/Content/Editor/Slate/Launcher/Android/Platform_Android_128x.png
[2018.09.15-08.33.54:015][  0]LogStreaming: Warning: Failed to read file '../../../Engine/Content/Editor/Slate/Launcher/Android/Platform_Android_24x.png' error.
[2018.09.15-08.33.54:015][  0]LogSlate: Could not find file for Slate resource: ../../../Engine/Content/Editor/Slate/Launcher/Android/Platform_Android_24x.png
[2018.09.15-08.33.54:016][  0]LogStreaming: Warning: Failed to read file '../../../Engine/Content/Editor/Slate/Launcher/Android/Platform_Android_128x.png' error.
[2018.09.15-08.33.54:016][  0]LogSlate: Could not find file for Slate resource: ../../../Engine/Content/Editor/Slate/Launcher/Android/Platform_Android_128x.png
[2018.09.15-08.33.54:016][  0]LogStreaming: Warning: Failed to read file '../../../Engine/Content/Editor/Slate/Launcher/Android/Platform_Android_128x.png' error.
[2018.09.15-08.33.54:016][  0]LogSlate: Could not find file for Slate resource: ../../../Engine/Content/Editor/Slate/Launcher/Android/Platform_Android_128x.png
[2018.09.15-08.33.54:016][  0]LogStreaming: Warning: Failed to read file '../../../Engine/Content/Editor/Slate/Launcher/Android/Platform_Android_ATC_24x.png' error.
[2018.09.15-08.33.54:017][  0]LogSlate: Could not find file for Slate resource: ../../../Engine/Content/Editor/Slate/Launcher/Android/Platform_Android_ATC_24x.png
[2018.09.15-08.33.54:017][  0]LogStreaming: Warning: Failed to read file '../../../Engine/Content/Editor/Slate/Launcher/Android/Platform_Android_128x.png' error.
[2018.09.15-08.33.54:017][  0]LogSlate: Could not find file for Slate resource: ../../../Engine/Content/Editor/Slate/Launcher/Android/Platform_Android_128x.png
[2018.09.15-08.33.54:017][  0]LogStreaming: Warning: Failed to read file '../../../Engine/Content/Editor/Slate/Launcher/Android/Platform_Android_128x.png' error.
[2018.09.15-08.33.54:017][  0]LogSlate: Could not find file for Slate resource: ../../../Engine/Content/Editor/Slate/Launcher/Android/Platform_Android_128x.png
[2018.09.15-08.33.54:018][  0]LogStreaming: Warning: Failed to read file '../../../Engine/Content/Editor/Slate/Launcher/Android/Platform_Android_DXT_24x.png' error.
[2018.09.15-08.33.54:018][  0]LogSlate: Could not find file for Slate resource: ../../../Engine/Content/Editor/Slate/Launcher/Android/Platform_Android_DXT_24x.png
[2018.09.15-08.33.54:018][  0]LogStreaming: Warning: Failed to read file '../../../Engine/Content/Editor/Slate/Launcher/Android/Platform_Android_128x.png' error.
[2018.09.15-08.33.54:018][  0]LogSlate: Could not find file for Slate resource: ../../../Engine/Content/Editor/Slate/Launcher/Android/Platform_Android_128x.png
[2018.09.15-08.33.54:019][  0]LogStreaming: Warning: Failed to read file '../../../Engine/Content/Editor/Slate/Launcher/Android/Platform_Android_128x.png' error.
[2018.09.15-08.33.54:019][  0]LogSlate: Could not find file for Slate resource: ../../../Engine/Content/Editor/Slate/Launcher/Android/Platform_Android_128x.png
[2018.09.15-08.33.54:019][  0]LogStreaming: Warning: Failed to read file '../../../Engine/Content/Editor/Slate/Launcher/Android/Platform_Android_ETC1_24x.png' error.
[2018.09.15-08.33.54:019][  0]LogSlate: Could not find file for Slate resource: ../../../Engine/Content/Editor/Slate/Launcher/Android/Platform_Android_ETC1_24x.png
[2018.09.15-08.33.54:019][  0]LogStreaming: Warning: Failed to read file '../../../Engine/Content/Editor/Slate/Launcher/Android/Platform_Android_128x.png' error.
[2018.09.15-08.33.54:019][  0]LogSlate: Could not find file for Slate resource: ../../../Engine/Content/Editor/Slate/Launcher/Android/Platform_Android_128x.png
[2018.09.15-08.33.54:020][  0]LogStreaming: Warning: Failed to read file '../../../Engine/Content/Editor/Slate/Launcher/Android/Platform_Android_128x.png' error.
[2018.09.15-08.33.54:020][  0]LogSlate: Could not find file for Slate resource: ../../../Engine/Content/Editor/Slate/Launcher/Android/Platform_Android_128x.png
[2018.09.15-08.33.54:020][  0]LogStreaming: Warning: Failed to read file '../../../Engine/Content/Editor/Slate/Launcher/Android/Platform_Android_ETC1_24x.png' error.
[2018.09.15-08.33.54:020][  0]LogSlate: Could not find file for Slate resource: ../../../Engine/Content/Editor/Slate/Launcher/Android/Platform_Android_ETC1_24x.png
[2018.09.15-08.33.54:021][  0]LogStreaming: Warning: Failed to read file '../../../Engine/Content/Editor/Slate/Launcher/Android/Platform_Android_128x.png' error.
[2018.09.15-08.33.54:021][  0]LogSlate: Could not find file for Slate resource: ../../../Engine/Content/Editor/Slate/Launcher/Android/Platform_Android_128x.png
[2018.09.15-08.33.54:021][  0]LogStreaming: Warning: Failed to read file '../../../Engine/Content/Editor/Slate/Launcher/Android/Platform_Android_128x.png' error.
[2018.09.15-08.33.54:021][  0]LogSlate: Could not find file for Slate resource: ../../../Engine/Content/Editor/Slate/Launcher/Android/Platform_Android_128x.png
[2018.09.15-08.33.54:022][  0]LogStreaming: Warning: Failed to read file '../../../Engine/Content/Editor/Slate/Launcher/Android/Platform_Android_ETC2_24x.png' error.
[2018.09.15-08.33.54:022][  0]LogSlate: Could not find file for Slate resource: ../../../Engine/Content/Editor/Slate/Launcher/Android/Platform_Android_ETC2_24x.png
[2018.09.15-08.33.54:022][  0]LogStreaming: Warning: Failed to read file '../../../Engine/Content/Editor/Slate/Launcher/Android/Platform_Android_128x.png' error.
[2018.09.15-08.33.54:022][  0]LogSlate: Could not find file for Slate resource: ../../../Engine/Content/Editor/Slate/Launcher/Android/Platform_Android_128x.png
[2018.09.15-08.33.54:023][  0]LogStreaming: Warning: Failed to read file '../../../Engine/Content/Editor/Slate/Launcher/Android/Platform_Android_128x.png' error.
[2018.09.15-08.33.54:023][  0]LogSlate: Could not find file for Slate resource: ../../../Engine/Content/Editor/Slate/Launcher/Android/Platform_Android_128x.png
[2018.09.15-08.33.54:024][  0]LogStreaming: Warning: Failed to read file '../../../Engine/Content/Editor/Slate/Launcher/Android/Platform_Android_PVRTC_24x.png' error.
[2018.09.15-08.33.54:024][  0]LogSlate: Could not find file for Slate resource: ../../../Engine/Content/Editor/Slate/Launcher/Android/Platform_Android_PVRTC_24x.png
[2018.09.15-08.33.54:024][  0]LogStreaming: Warning: Failed to read file '../../../Engine/Content/Editor/Slate/Launcher/Android/Platform_Android_128x.png' error.
[2018.09.15-08.33.54:024][  0]LogSlate: Could not find file for Slate resource: ../../../Engine/Content/Editor/Slate/Launcher/Android/Platform_Android_128x.png
[2018.09.15-08.33.54:025][  0]LogStreaming: Warning: Failed to read file '../../../Engine/Content/Editor/Slate/Launcher/Android/Platform_Android_128x.png' error.
[2018.09.15-08.33.54:025][  0]LogSlate: Could not find file for Slate resource: ../../../Engine/Content/Editor/Slate/Launcher/Android/Platform_Android_128x.png
[2018.09.15-08.33.54:026][  0]LogStreaming: Warning: Failed to read file '../../../Engine/Content/Editor/Slate/Launcher/Android/Platform_Android_ASTC_24x.png' error.
[2018.09.15-08.33.54:026][  0]LogSlate: Could not find file for Slate resource: ../../../Engine/Content/Editor/Slate/Launcher/Android/Platform_Android_ASTC_24x.png
[2018.09.15-08.33.54:026][  0]LogStreaming: Warning: Failed to read file '../../../Engine/Content/Editor/Slate/Launcher/Android/Platform_Android_128x.png' error.
[2018.09.15-08.33.54:027][  0]LogSlate: Could not find file for Slate resource: ../../../Engine/Content/Editor/Slate/Launcher/Android/Platform_Android_128x.png
[2018.09.15-08.33.54:027][  0]LogStreaming: Warning: Failed to read file '../../../Engine/Content/Editor/Slate/Launcher/Android/Platform_Android_128x.png' error.
[2018.09.15-08.33.54:027][  0]LogSlate: Could not find file for Slate resource: ../../../Engine/Content/Editor/Slate/Launcher/Android/Platform_Android_128x.png
[2018.09.15-08.33.54:028][  0]LogStreaming: Warning: Failed to read file '../../../Engine/Content/Editor/Slate/Launcher/Android/Platform_Android_24x.png' error.
[2018.09.15-08.33.54:028][  0]LogSlate: Could not find file for Slate resource: ../../../Engine/Content/Editor/Slate/Launcher/Android/Platform_Android_24x.png
[2018.09.15-08.33.54:029][  0]LogStreaming: Warning: Failed to read file '../../../Engine/Content/Editor/Slate/Launcher/Android/Platform_Android_128x.png' error.
[2018.09.15-08.33.54:029][  0]LogSlate: Could not find file for Slate resource: ../../../Engine/Content/Editor/Slate/Launcher/Android/Platform_Android_128x.png
[2018.09.15-08.33.54:029][  0]LogStreaming: Warning: Failed to read file '../../../Engine/Content/Editor/Slate/Launcher/Android/Platform_Android_128x.png' error.
[2018.09.15-08.33.54:029][  0]LogSlate: Could not find file for Slate resource: ../../../Engine/Content/Editor/Slate/Launcher/Android/Platform_Android_128x.png
[2018.09.15-08.33.54:030][  0]LogStreaming: Warning: Failed to read file '../../../Engine/Content/Editor/Slate/Launcher/Android/Platform_Android_24x.png' error.
[2018.09.15-08.33.54:030][  0]LogSlate: Could not find file for Slate resource: ../../../Engine/Content/Editor/Slate/Launcher/Android/Platform_Android_24x.png
[2018.09.15-08.33.54:031][  0]LogStreaming: Warning: Failed to read file '../../../Engine/Content/Editor/Slate/Launcher/Android/Platform_Android_128x.png' error.
[2018.09.15-08.33.54:031][  0]LogSlate: Could not find file for Slate resource: ../../../Engine/Content/Editor/Slate/Launcher/Android/Platform_Android_128x.png
[2018.09.15-08.33.54:031][  0]LogStreaming: Warning: Failed to read file '../../../Engine/Content/Editor/Slate/Launcher/Android/Platform_Android_128x.png' error.
[2018.09.15-08.33.54:031][  0]LogSlate: Could not find file for Slate resource: ../../../Engine/Content/Editor/Slate/Launcher/Android/Platform_Android_128x.png
[2018.09.15-08.33.54:032][  0]LogStreaming: Warning: Failed to read file '../../../Engine/Content/Editor/Slate/Launcher/Android/Platform_Android_ATC_24x.png' error.
[2018.09.15-08.33.54:032][  0]LogSlate: Could not find file for Slate resource: ../../../Engine/Content/Editor/Slate/Launcher/Android/Platform_Android_ATC_24x.png
[2018.09.15-08.33.54:033][  0]LogStreaming: Warning: Failed to read file '../../../Engine/Content/Editor/Slate/Launcher/Android/Platform_Android_128x.png' error.
[2018.09.15-08.33.54:033][  0]LogSlate: Could not find file for Slate resource: ../../../Engine/Content/Editor/Slate/Launcher/Android/Platform_Android_128x.png
[2018.09.15-08.33.54:033][  0]LogStreaming: Warning: Failed to read file '../../../Engine/Content/Editor/Slate/Launcher/Android/Platform_Android_128x.png' error.
[2018.09.15-08.33.54:034][  0]LogSlate: Could not find file for Slate resource: ../../../Engine/Content/Editor/Slate/Launcher/Android/Platform_Android_128x.png
[2018.09.15-08.33.54:034][  0]LogStreaming: Warning: Failed to read file '../../../Engine/Content/Editor/Slate/Launcher/Android/Platform_Android_DXT_24x.png' error.
[2018.09.15-08.33.54:034][  0]LogSlate: Could not find file for Slate resource: ../../../Engine/Content/Editor/Slate/Launcher/Android/Platform_Android_DXT_24x.png
[2018.09.15-08.33.54:035][  0]LogStreaming: Warning: Failed to read file '../../../Engine/Content/Editor/Slate/Launcher/Android/Platform_Android_128x.png' error.
[2018.09.15-08.33.54:035][  0]LogSlate: Could not find file for Slate resource: ../../../Engine/Content/Editor/Slate/Launcher/Android/Platform_Android_128x.png
[2018.09.15-08.33.54:036][  0]LogStreaming: Warning: Failed to read file '../../../Engine/Content/Editor/Slate/Launcher/Android/Platform_Android_128x.png' error.
[2018.09.15-08.33.54:036][  0]LogSlate: Could not find file for Slate resource: ../../../Engine/Content/Editor/Slate/Launcher/Android/Platform_Android_128x.png
[2018.09.15-08.33.54:036][  0]LogStreaming: Warning: Failed to read file '../../../Engine/Content/Editor/Slate/Launcher/Android/Platform_Android_ETC1_24x.png' error.
[2018.09.15-08.33.54:036][  0]LogSlate: Could not find file for Slate resource: ../../../Engine/Content/Editor/Slate/Launcher/Android/Platform_Android_ETC1_24x.png
[2018.09.15-08.33.54:037][  0]LogStreaming: Warning: Failed to read file '../../../Engine/Content/Editor/Slate/Launcher/Android/Platform_Android_128x.png' error.
[2018.09.15-08.33.54:037][  0]LogSlate: Could not find file for Slate resource: ../../../Engine/Content/Editor/Slate/Launcher/Android/Platform_Android_128x.png
[2018.09.15-08.33.54:038][  0]LogStreaming: Warning: Failed to read file '../../../Engine/Content/Editor/Slate/Launcher/Android/Platform_Android_128x.png' error.
[2018.09.15-08.33.54:038][  0]LogSlate: Could not find file for Slate resource: ../../../Engine/Content/Editor/Slate/Launcher/Android/Platform_Android_128x.png
[2018.09.15-08.33.54:038][  0]LogStreaming: Warning: Failed to read file '../../../Engine/Content/Editor/Slate/Launcher/Android/Platform_Android_ETC1_24x.png' error.
[2018.09.15-08.33.54:039][  0]LogSlate: Could not find file for Slate resource: ../../../Engine/Content/Editor/Slate/Launcher/Android/Platform_Android_ETC1_24x.png
[2018.09.15-08.33.54:039][  0]LogStreaming: Warning: Failed to read file '../../../Engine/Content/Editor/Slate/Launcher/Android/Platform_Android_128x.png' error.
[2018.09.15-08.33.54:039][  0]LogSlate: Could not find file for Slate resource: ../../../Engine/Content/Editor/Slate/Launcher/Android/Platform_Android_128x.png
[2018.09.15-08.33.54:040][  0]LogStreaming: Warning: Failed to read file '../../../Engine/Content/Editor/Slate/Launcher/Android/Platform_Android_128x.png' error.
[2018.09.15-08.33.54:040][  0]LogSlate: Could not find file for Slate resource: ../../../Engine/Content/Editor/Slate/Launcher/Android/Platform_Android_128x.png
[2018.09.15-08.33.54:040][  0]LogStreaming: Warning: Failed to read file '../../../Engine/Content/Editor/Slate/Launcher/Android/Platform_Android_ETC2_24x.png' error.
[2018.09.15-08.33.54:040][  0]LogSlate: Could not find file for Slate resource: ../../../Engine/Content/Editor/Slate/Launcher/Android/Platform_Android_ETC2_24x.png
[2018.09.15-08.33.54:041][  0]LogStreaming: Warning: Failed to read file '../../../Engine/Content/Editor/Slate/Launcher/Android/Platform_Android_128x.png' error.
[2018.09.15-08.33.54:041][  0]LogSlate: Could not find file for Slate resource: ../../../Engine/Content/Editor/Slate/Launcher/Android/Platform_Android_128x.png
[2018.09.15-08.33.54:042][  0]LogStreaming: Warning: Failed to read file '../../../Engine/Content/Editor/Slate/Launcher/Android/Platform_Android_128x.png' error.
[2018.09.15-08.33.54:042][  0]LogSlate: Could not find file for Slate resource: ../../../Engine/Content/Editor/Slate/Launcher/Android/Platform_Android_128x.png
[2018.09.15-08.33.54:043][  0]LogStreaming: Warning: Failed to read file '../../../Engine/Content/Editor/Slate/Launcher/Android/Platform_Android_PVRTC_24x.png' error.
[2018.09.15-08.33.54:043][  0]LogSlate: Could not find file for Slate resource: ../../../Engine/Content/Editor/Slate/Launcher/Android/Platform_Android_PVRTC_24x.png
[2018.09.15-08.33.54:043][  0]LogStreaming: Warning: Failed to read file '../../../Engine/Content/Editor/Slate/Launcher/Android/Platform_Android_128x.png' error.
[2018.09.15-08.33.54:043][  0]LogSlate: Could not find file for Slate resource: ../../../Engine/Content/Editor/Slate/Launcher/Android/Platform_Android_128x.png
[2018.09.15-08.33.54:044][  0]LogStreaming: Warning: Failed to read file '../../../Engine/Content/Editor/Slate/Launcher/Android/Platform_Android_128x.png' error.
[2018.09.15-08.33.54:044][  0]LogSlate: Could not find file for Slate resource: ../../../Engine/Content/Editor/Slate/Launcher/Android/Platform_Android_128x.png
[2018.09.15-08.33.54:045][  0]LogStreaming: Warning: Failed to read file '../../../Engine/Content/Editor/Slate/Launcher/Android/Platform_Android_ASTC_24x.png' error.
[2018.09.15-08.33.54:045][  0]LogSlate: Could not find file for Slate resource: ../../../Engine/Content/Editor/Slate/Launcher/Android/Platform_Android_ASTC_24x.png
[2018.09.15-08.33.54:045][  0]LogStreaming: Warning: Failed to read file '../../../Engine/Content/Editor/Slate/Launcher/Android/Platform_Android_128x.png' error.
[2018.09.15-08.33.54:045][  0]LogSlate: Could not find file for Slate resource: ../../../Engine/Content/Editor/Slate/Launcher/Android/Platform_Android_128x.png
[2018.09.15-08.33.54:046][  0]LogStreaming: Warning: Failed to read file '../../../Engine/Content/Editor/Slate/Launcher/Android/Platform_Android_128x.png' error.
[2018.09.15-08.33.54:046][  0]LogSlate: Could not find file for Slate resource: ../../../Engine/Content/Editor/Slate/Launcher/Android/Platform_Android_128x.png
[2018.09.15-08.33.57:606][  0]LogUdpMessaging: Initializing bridge on interface 0.0.0.0:0 to multicast group 230.0.0.1:6666.
[2018.09.15-08.33.57:607][  0]FUdpSocketBuilder: Failed to subscribe UdpMessageMulticastSocket to multicast group 230.0.0.1
[2018.09.15-08.33.57:607][  0]FUdpSocketBuilder: Failed to create and initialize socket UdpMessageMulticastSocket (last error: 55)
[2018.09.15-08.33.57:607][  0]LogUdpMessaging: Warning: StartTransport failed to create multicast socket on 0.0.0.0:0, joined to 230.0.0.1:6666 with TTL 1
[2018.09.15-08.33.57:611][  0]LogTcpMessaging: Initializing TcpMessaging bridge
[2018.09.15-08.34.05:184][  0]SourceControl: Source control is disabled
[2018.09.15-08.34.05:184][  0]SourceControl: Source control is disabled
[2018.09.15-08.34.05:402][  0]SourceControl: Source control is disabled
[2018.09.15-08.34.05:603][  0]SourceControl: Source control is disabled
[2018.09.15-08.34.09:426][  0]LogAndroidPermission: UAndroidPermissionCallbackProxy::GetInstance
[2018.09.15-08.34.11:659][  0]LogEngine: Initializing Engine...
[2018.09.15-08.34.11:660][  0]LogHMD: Failed to initialize OpenVR with code 110
[2018.09.15-08.34.11:661][  0]LogStats: UGameplayTagsManager::ConstructGameplayTagTree: ImportINI prefixes -  0.000 s
[2018.09.15-08.34.11:661][  0]LogStats: UGameplayTagsManager::ConstructGameplayTagTree: Construct from data asset -  0.000 s
[2018.09.15-08.34.11:662][  0]LogStats: UGameplayTagsManager::ConstructGameplayTagTree: ImportINI -  0.000 s
[2018.09.15-08.34.11:662][  0]LogStats: UGameplayTagsManager::ConstructGameplayTagTree: GameplayTagTreeChangedEvent.Broadcast -  0.000 s
[2018.09.15-08.34.12:230][  0]LogInit: Initializing FReadOnlyCVARCache
[2018.09.15-08.34.12:942][  0]LogAIModule: Creating AISystem for world Untitled
[2018.09.15-08.34.12:959][  0]LogAudioMixer: Display: Audio Mixer Platform Settings:
[2018.09.15-08.34.12:959][  0]LogAudioMixer: Display: 	Sample Rate:						  48000
[2018.09.15-08.34.12:959][  0]LogAudioMixer: Display: 	Callback Buffer Frame Size Requested: 1024
[2018.09.15-08.34.12:959][  0]LogAudioMixer: Display: 	Callback Buffer Frame Size To Use:	  1024
[2018.09.15-08.34.12:959][  0]LogAudioMixer: Display: 	Number of buffers to queue:			  2
[2018.09.15-08.34.12:959][  0]LogAudioMixer: Display: 	Max Channels (voices):				  0
[2018.09.15-08.34.12:959][  0]LogAudioMixer: Display: 	Number of Async Source Workers:		  0
[2018.09.15-08.34.12:959][  0]LogAudioMixer: Display: Initializing audio mixer.
[2018.09.15-08.34.12:987][  0]LogAudioMixerSDL: Display: Initialized SDL using pulseaudio platform API backend.
[2018.09.15-08.34.13:110][  0]LogInit: FAudioDevice initialized.
[2018.09.15-08.34.13:111][  0]LogNetVersion: Set ProjectVersion to 1.0.0.0. Version Checksum will be recalculated on next use.
[2018.09.15-08.34.13:198][  0]LogDerivedDataCache: Saved boot cache 0.09s 84MB ../../../../../Documents/CaveTree/DerivedDataCache/Boot.ddc.
[2018.09.15-08.34.13:201][  0]LogInit: Texture streaming: Enabled
[2018.09.15-08.34.13:243][  0]LogEngineSessionManager: EngineSessionManager initialized
[2018.09.15-08.34.13:932][  0]LogInit: Transaction tracking system initialized
[2018.09.15-08.34.15:153][  0]BlueprintLog: New page: Editor Load
[2018.09.15-08.34.18:743][  0]LocalizationService: Localization service is disabled
[2018.09.15-08.34.21:215][  0]LogFileCache: Scanning file cache for directory '/home/john/Documents/CaveTree/Content/' took 0.00s
[2018.09.15-08.34.21:215][  0]LogCook: Display: Max memory allowance for cook 16384mb min free memory 0mb
[2018.09.15-08.34.21:215][  0]LogCook: Display: Mobile HDR setting 1
[2018.09.15-08.34.21:215][  0]LogGameplayTags: Display: UGameplayTagsManager::DoneAddingNativeTags. DelegateIsBound: 0
[2018.09.15-08.34.21:215][  0]LogStats: UGameplayTagsManager::ConstructGameplayTagTree: ImportINI prefixes -  0.000 s
[2018.09.15-08.34.21:216][  0]LogStats: UGameplayTagsManager::ConstructGameplayTagTree: Construct from data asset -  0.000 s
[2018.09.15-08.34.21:216][  0]LogStats: UGameplayTagsManager::ConstructGameplayTagTree: ImportINI -  0.000 s
[2018.09.15-08.34.21:216][  0]LogStats: UGameplayTagsManager::ConstructGameplayTagTree: GameplayTagTreeChangedEvent.Broadcast -  0.000 s
[2018.09.15-08.34.25:716][  0]SourceControl: Source control is disabled
[2018.09.15-08.34.25:716][  0]Cmd: MAP LOAD FILE="../../../../../Documents/CaveTree/Content/StarterContent/Maps/Minimal_Default.umap" TEMPLATE=0 SHOWPROGRESS=1 FEATURELEVEL=3
[2018.09.15-08.34.25:735][  0]LightingResults: New page: Lighting Build
[2018.09.15-08.34.25:873][  0]MapCheck: New page: Map Check
[2018.09.15-08.34.25:873][  0]LightingResults: New page: Lighting Build
[2018.09.15-08.34.26:260][  0]LogTexture: Display: Building textures: Texture2D_0 (BGRA8, 128X128)
[2018.09.15-08.34.26:261][  0]LogTexture: Display: Building textures: HQ_Lightmap0_2 (AutoDXT, 64X64)
[2018.09.15-08.34.26:261][  0]LogTexture: Display: Building textures: HQ_Lightmap0_1 (AutoDXT, 512X512)
[2018.09.15-08.34.26:261][  0]LogTexture: Display: Building textures: LQ_Lightmap_0_1 (DXT1, 512X512)
[2018.09.15-08.34.26:261][  0]LogMaterial: Display: Missing cached shader map for material WorldGridMaterial, compiling. Is special engine material.
[2018.09.15-08.35.33:718][  0]LogTexture: Display: Building textures: LQ_Lightmap_0_2 (DXT1, 64X64)
[2018.09.15-08.35.33:718][  0]LogTexture: Display: Building textures: SkyOcclusion0_1 (AutoDXT, 512X256)
[2018.09.15-08.35.33:719][  0]LogTexture: Display: Building textures: SkyOcclusion0_2 (AutoDXT, 64X32)
[2018.09.15-08.35.33:719][  0]LogTexture: Display: Building textures: ShadowMapTexture2D_8 (G8, 1024X128)
[2018.09.15-08.35.33:719][  0]LogTexture: Display: Building textures: ShadowMapTexture2D_9 (G8, 32X32)
[2018.09.15-08.35.33:719][  0]LogShaderCompilers: Display: Shaders left to compile 110
[2018.09.15-08.35.33:719][  0]LogShaderCompilers: Display: Shaders left to compile 109
[2018.09.15-08.35.33:719][  0]LogShaderCompilers: Display: Shaders left to compile 108
[2018.09.15-08.35.33:719][  0]LogTexture: Display: Building textures: T_Metal_Gold_N (BC5, 2048X2048)
[2018.09.15-08.35.33:719][  0]LogTexture: Display: Building textures: T_Metal_Aluminum_D (AutoDXT, 2048X2048)
[2018.09.15-08.35.33:719][  0]LogShaderCompilers: Display: Shaders left to compile 107
[2018.09.15-08.35.33:719][  0]LogShaderCompilers: Display: Shaders left to compile 106
[2018.09.15-08.35.33:719][  0]LogShaderCompilers: Display: Shaders left to compile 105
[2018.09.15-08.35.33:719][  0]LogTexture: Display: Building textures: T_RockMesh_N (BC5, 2048X2048)
[2018.09.15-08.35.33:719][  0]LogShaderCompilers: Display: Shaders left to compile 104
[2018.09.15-08.35.33:719][  0]LogShaderCompilers: Display: Shaders left to compile 103
[2018.09.15-08.35.33:719][  0]LogShaderCompilers: Display: Shaders left to compile 102
[2018.09.15-08.35.33:719][  0]LogShaderCompilers: Display: Shaders left to compile 101
[2018.09.15-08.35.33:719][  0]LogShaderCompilers: Display: Shaders left to compile 100
[2018.09.15-08.35.33:719][  0]LogTexture: Display: Building textures: T_RockMesh_M (DXT1, 2048X2048)
[2018.09.15-08.35.33:719][  0]LogShaderCompilers: Display: Shaders left to compile 99
[2018.09.15-08.35.33:719][  0]LogShaderCompilers: Display: Shaders left to compile 98
[2018.09.15-08.35.33:719][  0]LogShaderCompilers: Display: Shaders left to compile 97
[2018.09.15-08.35.33:719][  0]LogShaderCompilers: Display: Shaders left to compile 96
[2018.09.15-08.35.33:719][  0]LogShaderCompilers: Display: Shaders left to compile 95
[2018.09.15-08.35.33:719][  0]LogShaderCompilers: Display: Shaders left to compile 94
[2018.09.15-08.35.33:719][  0]LogShaderCompilers: Display: Shaders left to compile 93
[2018.09.15-08.35.33:719][  0]LogShaderCompilers: Display: Shaders left to compile 92
[2018.09.15-08.35.33:719][  0]LogShaderCompilers: Display: Shaders left to compile 91
[2018.09.15-08.35.33:719][  0]LogShaderCompilers: Display: Shaders left to compile 90
[2018.09.15-08.35.33:719][  0]LogShaderCompilers: Display: Shaders left to compile 89
[2018.09.15-08.35.33:719][  0]LogShaderCompilers: Display: Shaders left to compile 88
[2018.09.15-08.35.33:719][  0]LogShaderCompilers: Display: Shaders left to compile 87
[2018.09.15-08.35.33:719][  0]LogTexture: Display: Building textures: T_Rock_Basalt_D (AutoDXT, 2048X2048)
[2018.09.15-08.35.33:719][  0]LogShaderCompilers: Display: Shaders left to compile 86
[2018.09.15-08.35.33:719][  0]LogShaderCompilers: Display: Shaders left to compile 85
[2018.09.15-08.35.33:719][  0]LogShaderCompilers: Display: Shaders left to compile 84
[2018.09.15-08.35.33:719][  0]LogShaderCompilers: Display: Shaders left to compile 83
[2018.09.15-08.35.33:719][  0]LogShaderCompilers: Display: Shaders left to compile 82
[2018.09.15-08.35.33:719][  0]LogShaderCompilers: Display: Shaders left to compile 81
[2018.09.15-08.35.33:719][  0]LogShaderCompilers: Display: Shaders left to compile 80
[2018.09.15-08.35.33:719][  0]LogShaderCompilers: Display: Shaders left to compile 79
[2018.09.15-08.35.33:719][  0]LogShaderCompilers: Display: Shaders left to compile 78
[2018.09.15-08.35.33:719][  0]LogShaderCompilers: Display: Shaders left to compile 77
[2018.09.15-08.35.33:720][  0]LogShaderCompilers: Display: Shaders left to compile 76
[2018.09.15-08.35.33:720][  0]LogTexture: Display: Building textures: T_Detail_Rocky_N (BC5, 1024X1024)
[2018.09.15-08.35.33:720][  0]LogTexture: Display: Building textures: T_Statue_N (BC5, 1024X1024)
[2018.09.15-08.35.33:720][  0]LogShaderCompilers: Display: Shaders left to compile 75
[2018.09.15-08.35.33:720][  0]LogShaderCompilers: Display: Shaders left to compile 74
[2018.09.15-08.35.33:720][  0]LogTexture: Display: Building textures: T_Statue_M (AutoDXT, 2048X2048)
[2018.09.15-08.35.33:720][  0]LogShaderCompilers: Display: Shaders left to compile 73
[2018.09.15-08.35.33:720][  0]LogShaderCompilers: Display: Shaders left to compile 72
[2018.09.15-08.35.33:720][  0]LogShaderCompilers: Display: Shaders left to compile 71
[2018.09.15-08.35.33:720][  0]LogTexture: Display: Building textures: T_MacroVariation (AutoDXT, 2048X2048)
[2018.09.15-08.35.33:720][  0]LogShaderCompilers: Display: Shaders left to compile 70
[2018.09.15-08.35.33:720][  0]LogShaderCompilers: Display: Shaders left to compile 69
[2018.09.15-08.35.33:720][  0]LogShaderCompilers: Display: Shaders left to compile 68
[2018.09.15-08.35.33:720][  0]LogShaderCompilers: Display: Shaders left to compile 67
[2018.09.15-08.35.33:720][  0]LogShaderCompilers: Display: Shaders left to compile 66
[2018.09.15-08.35.33:720][  0]LogShaderCompilers: Display: Shaders left to compile 65
[2018.09.15-08.35.33:720][  0]LogShaderCompilers: Display: Shaders left to compile 64
[2018.09.15-08.35.33:720][  0]LogShaderCompilers: Display: Shaders left to compile 63
[2018.09.15-08.35.33:720][  0]LogShaderCompilers: Display: Shaders left to compile 62
[2018.09.15-08.35.33:720][  0]LogShaderCompilers: Display: Shaders left to compile 61
[2018.09.15-08.35.33:720][  0]LogShaderCompilers: Display: Shaders left to compile 60
[2018.09.15-08.35.33:720][  0]LogShaderCompilers: Display: Shaders left to compile 59
[2018.09.15-08.35.33:720][  0]LogShaderCompilers: Display: Shaders left to compile 58
[2018.09.15-08.35.33:720][  0]LogShaderCompilers: Display: Shaders left to compile 57
[2018.09.15-08.35.33:720][  0]LogShaderCompilers: Display: Shaders left to compile 56
[2018.09.15-08.35.33:720][  0]LogShaderCompilers: Display: Shaders left to compile 55
[2018.09.15-08.35.33:720][  0]LogShaderCompilers: Display: Shaders left to compile 54
[2018.09.15-08.35.33:720][  0]LogShaderCompilers: Display: Shaders left to compile 53
[2018.09.15-08.35.33:720][  0]LogShaderCompilers: Display: Shaders left to compile 52
[2018.09.15-08.35.33:720][  0]LogShaderCompilers: Display: Shaders left to compile 51
[2018.09.15-08.35.33:720][  0]LogShaderCompilers: Display: Shaders left to compile 50
[2018.09.15-08.35.33:720][  0]LogShaderCompilers: Display: Shaders left to compile 49
[2018.09.15-08.35.33:720][  0]LogShaderCompilers: Display: Shaders left to compile 48
[2018.09.15-08.35.33:720][  0]LogShaderCompilers: Display: Shaders left to compile 47
[2018.09.15-08.35.33:720][  0]LogShaderCompilers: Display: Shaders left to compile 46
[2018.09.15-08.35.33:720][  0]LogShaderCompilers: Display: Shaders left to compile 45
[2018.09.15-08.35.33:721][  0]LogShaderCompilers: Display: Shaders left to compile 44
[2018.09.15-08.35.33:721][  0]LogShaderCompilers: Display: Shaders left to compile 43
[2018.09.15-08.35.33:721][  0]LogShaderCompilers: Display: Shaders left to compile 42
[2018.09.15-08.35.33:721][  0]LogShaderCompilers: Display: Shaders left to compile 41
[2018.09.15-08.35.33:721][  0]LogShaderCompilers: Display: Shaders left to compile 40
[2018.09.15-08.35.33:721][  0]LogShaderCompilers: Display: Shaders left to compile 39
[2018.09.15-08.35.33:721][  0]LogShaderCompilers: Display: Shaders left to compile 38
[2018.09.15-08.35.33:721][  0]LogShaderCompilers: Display: Shaders left to compile 37
[2018.09.15-08.35.33:721][  0]LogShaderCompilers: Display: Shaders left to compile 36
[2018.09.15-08.35.33:721][  0]LogShaderCompilers: Display: Shaders left to compile 35
[2018.09.15-08.35.33:721][  0]LogShaderCompilers: Display: Shaders left to compile 34
[2018.09.15-08.35.33:721][  0]LogShaderCompilers: Display: Shaders left to compile 33
[2018.09.15-08.35.33:721][  0]LogShaderCompilers: Display: Shaders left to compile 32
[2018.09.15-08.35.33:721][  0]LogShaderCompilers: Display: Shaders left to compile 31
[2018.09.15-08.35.33:721][  0]LogShaderCompilers: Display: Shaders left to compile 30
[2018.09.15-08.35.33:721][  0]LogShaderCompilers: Display: Shaders left to compile 29
[2018.09.15-08.35.33:721][  0]LogShaderCompilers: Display: Shaders left to compile 28
[2018.09.15-08.35.33:721][  0]LogShaderCompilers: Display: Shaders left to compile 27
[2018.09.15-08.35.33:721][  0]LogShaderCompilers: Display: Shaders left to compile 26
[2018.09.15-08.35.33:721][  0]LogShaderCompilers: Display: Shaders left to compile 25
[2018.09.15-08.35.33:721][  0]LogShaderCompilers: Display: Shaders left to compile 24
[2018.09.15-08.35.33:721][  0]LogShaderCompilers: Display: Shaders left to compile 23
[2018.09.15-08.35.33:721][  0]LogShaderCompilers: Display: Shaders left to compile 22
[2018.09.15-08.35.33:721][  0]LogShaderCompilers: Display: Shaders left to compile 21
[2018.09.15-08.35.33:721][  0]LogShaderCompilers: Display: Shaders left to compile 20
[2018.09.15-08.35.33:721][  0]LogShaderCompilers: Display: Shaders left to compile 19
[2018.09.15-08.35.33:721][  0]LogShaderCompilers: Display: Shaders left to compile 18
[2018.09.15-08.35.33:721][  0]LogShaderCompilers: Display: Shaders left to compile 17
[2018.09.15-08.35.33:721][  0]LogShaderCompilers: Display: Shaders left to compile 16
[2018.09.15-08.35.33:721][  0]LogShaderCompilers: Display: Shaders left to compile 15
[2018.09.15-08.35.33:721][  0]LogShaderCompilers: Display: Shaders left to compile 14
[2018.09.15-08.35.33:721][  0]LogShaderCompilers: Display: Shaders left to compile 13
[2018.09.15-08.35.33:721][  0]LogShaderCompilers: Display: Shaders left to compile 12
[2018.09.15-08.35.33:721][  0]LogShaderCompilers: Display: Shaders left to compile 11
[2018.09.15-08.35.33:721][  0]LogShaderCompilers: Display: Shaders left to compile 10
[2018.09.15-08.35.33:721][  0]LogShaderCompilers: Display: Shaders left to compile 9
[2018.09.15-08.35.33:721][  0]LogShaderCompilers: Display: Shaders left to compile 8
[2018.09.15-08.35.33:721][  0]LogShaderCompilers: Display: Shaders left to compile 7
[2018.09.15-08.35.33:722][  0]LogShaderCompilers: Display: Shaders left to compile 6
[2018.09.15-08.35.33:722][  0]LogShaderCompilers: Display: Shaders left to compile 5
[2018.09.15-08.35.33:722][  0]LogShaderCompilers: Display: Shaders left to compile 4
[2018.09.15-08.35.33:722][  0]LogShaderCompilers: Display: Shaders left to compile 3
[2018.09.15-08.35.33:722][  0]LogShaderCompilers: Display: Shaders left to compile 2
[2018.09.15-08.35.33:722][  0]LogShaderCompilers: Display: Shaders left to compile 1
[2018.09.15-08.35.33:783][  0]LogStaticMesh: Building static mesh SM_Rock...
[2018.09.15-08.35.34:018][  0]LogStaticMesh: Built static mesh [0.24s] /Game/StarterContent/Props/SM_Rock.SM_Rock
[2018.09.15-08.35.34:161][  0]LogStaticMesh: Building static mesh SM_Statue...
[2018.09.15-08.35.34:275][  0]LogStaticMesh: Built static mesh [0.11s] /Game/StarterContent/Props/SM_Statue.SM_Statue
[2018.09.15-08.35.34:607][  0]LogMaterial: Display: Missing cached shader map for material M_Metal_Burnished_Steel, compiling. 
[2018.09.15-08.35.34:681][  0]LogShaderCompilers: Display: Shaders left to compile 28
[2018.09.15-08.35.34:681][  0]LogShaderCompilers: Display: Shaders left to compile 18
[2018.09.15-08.35.34:681][  0]LogShaderCompilers: Display: Shaders left to compile 8
[2018.09.15-08.35.34:681][  0]LogMaterial: Display: Missing cached shader map for material M_StatueGlass, compiling. 
[2018.09.15-08.35.35:121][  0]LogMaterial: Display: Missing cached shader map for material M_Statue, compiling. 
[2018.09.15-08.35.35:197][  0]LogMaterial: Display: Missing cached shader map for material M_Rock, compiling. 
[2018.09.15-08.35.35:282][  0]LogAudioDerivedData: Display: Building compressed audio format OGG hash OGG wave Starter_Wind06...
[2018.09.15-08.35.35:286][  0]LogTemp: Couldn't find amount to resample to.
[2018.09.15-08.35.35:862][  0]LogAudioDerivedData: Display: Building compressed audio format OGG hash OGG wave Starter_Birds01...
[2018.09.15-08.35.35:868][  0]LogTemp: Couldn't find amount to resample to.
[2018.09.15-08.35.36:612][  0]LogAudioDerivedData: Display: Building compressed audio format OGG hash OGG wave Starter_Wind05...
[2018.09.15-08.35.36:617][  0]LogTemp: Couldn't find amount to resample to.
[2018.09.15-08.35.37:218][  0]LogAIModule: Creating AISystem for world Minimal_Default
[2018.09.15-08.35.37:309][  0]LogTexture: Display: Building textures: S_AudioComponent_AutoActivate (BGRA8, 256X256)
[2018.09.15-08.35.37:309][  0]LogEditorServer: Finished looking for orphan Actors (0.000 secs)
[2018.09.15-08.35.37:489][  0]Cmd: MAP CHECKDEP NOCLEARLOG
[2018.09.15-08.35.37:568][  0]MapCheck: Map check complete: 0 Error(s), 0 Warning(s), took 78.549ms to complete.
[2018.09.15-08.35.37:568][  0]LogFileHelpers: Loading map 'Minimal_Default' took 71.852
[2018.09.15-08.35.37:586][  0]LogLinux: Scale at X=0.000000, Y=27.000000: 1.000000 (monitor=#0, HDPI=96.000000 (horz scale: 1.000000), VDPI=96.000000 (vert scale: 1.000000))
[2018.09.15-08.35.37:589][  0]LogLinux: Scale at X=800.000000, Y=463.500000: 1.000000 (monitor=#0, HDPI=96.000000 (horz scale: 1.000000), VDPI=96.000000 (vert scale: 1.000000))
[2018.09.15-08.35.37:667][  0]LogLinux: Scale at X=0.000000, Y=27.000000: 1.000000 (monitor=#0, HDPI=96.000000 (horz scale: 1.000000), VDPI=96.000000 (vert scale: 1.000000))
[2018.09.15-08.35.37:755][  0]LogSlate: Updating window title bar state: overlay mode, drag disabled, window buttons hidden, title bar hidden
[2018.09.15-08.35.37:782][  0]LogSlate: Updating window title bar state: overlay mode, drag disabled, window buttons hidden, title bar hidden
[2018.09.15-08.35.37:809][  0]LogSlate: Updating window title bar state: overlay mode, drag disabled, window buttons hidden, title bar hidden
[2018.09.15-08.35.37:834][  0]LogSlate: Updating window title bar state: overlay mode, drag disabled, window buttons hidden, title bar hidden
[2018.09.15-08.35.37:873][  0]LogCollectionManager: Loaded 0 collections in 0.008065 seconds
[2018.09.15-08.35.37:918][  0]LogFileCache: Scanning file cache for directory '/home/john/Documents/CaveTree/Saved/Collections/' took 0.00s
[2018.09.15-08.35.37:918][  0]LogFileCache: Scanning file cache for directory '/home/john/Documents/CaveTree/Content/Developers/john/Collections/' took 0.00s
[2018.09.15-08.35.37:918][  0]LogFileCache: Scanning file cache for directory '/home/john/Documents/CaveTree/Content/Collections/' took 0.00s
[2018.09.15-08.35.37:918][  0]LogContentBrowser: Native class hierarchy populated in 0.0296 seconds. Added 2545 classes and 566 folders.
[2018.09.15-08.35.37:926][  0]LogCollectionManager: Rebuilt the GUID cache for 0 collections in 0.000002 seconds
[2018.09.15-08.35.38:522][  0]LogContentBrowser: Native class hierarchy updated for 'WidgetCarousel' in 0.0006 seconds. Added 0 classes and 0 folders.
[2018.09.15-08.35.38:645][  0]LogContentBrowser: Native class hierarchy updated for 'AddContentDialog' in 0.0010 seconds. Added 0 classes and 0 folders.
[2018.09.15-08.35.39:024][  0]LogContentBrowser: Native class hierarchy updated for 'SceneOutliner' in 0.0006 seconds. Added 1 classes and 2 folders.
[2018.09.15-08.35.39:150][  0]LogLinux: Scale at X=0.000000, Y=27.000000: 1.000000 (monitor=#0, HDPI=96.000000 (horz scale: 1.000000), VDPI=96.000000 (vert scale: 1.000000))
[2018.09.15-08.35.39:150][  0]LogLinux: Scale at X=295.000000, Y=145.000000: 1.000000 (monitor=#0, HDPI=96.000000 (horz scale: 1.000000), VDPI=96.000000 (vert scale: 1.000000))
[2018.09.15-08.35.39:151][  0]LogLinux: Scale at X=800.000000, Y=450.000000: 1.000000 (monitor=#0, HDPI=96.000000 (horz scale: 1.000000), VDPI=96.000000 (vert scale: 1.000000))
[2018.09.15-08.35.39:252][  0]LogTexture: Display: Building textures: Blueprint_64x (BGRA8, 64X64)
[2018.09.15-08.35.39:252][  0]LogTexture: Display: Building textures: icon_Editor_Preferences_General_40x (BGRA8, 40X40)
[2018.09.15-08.35.39:252][  0]LogTexture: Display: Building textures: Paper2DSprite_TutorialIcon (BGRA8, 64X64)
[2018.09.15-08.35.39:252][  0]LogTexture: Display: Building textures: icon_ShowSkeletalMeshes_40x (BGRA8, 40X40)
[2018.09.15-08.35.39:252][  0]LogTexture: Display: Building textures: Landscape (BGRA8, 40X40)
[2018.09.15-08.35.39:252][  0]LogTexture: Display: Building textures: Foliage (BGRA8, 40X40)
[2018.09.15-08.35.39:252][  0]LogLinux: Scale at X=295.000000, Y=145.000000: 1.000000 (monitor=#0, HDPI=96.000000 (horz scale: 1.000000), VDPI=96.000000 (vert scale: 1.000000))
[2018.09.15-08.35.39:252][  0]LogSlate: Window 'Tutorials' being destroyed
[2018.09.15-08.35.39:545][  0]LogContentBrowser: Native class hierarchy updated for 'HierarchicalLODOutliner' in 0.0006 seconds. Added 0 classes and 0 folders.
[2018.09.15-08.35.39:545][  0]LogLoad: (Engine Initialization) Total time: 124.15 seconds
[2018.09.15-08.35.39:545][  0]LogLoad: (Engine Initialization) Total Blueprint compile time: 0.00 seconds
[2018.09.15-08.35.39:577][  0]LogSlate: Took 0.000495 seconds to synchronously load lazily loaded font '../../../Engine/Content/Slate/Fonts/Roboto-Regular.ttf' (155K)
[2018.09.15-08.35.39:586][  0]LogSlate: Took 0.000245 seconds to synchronously load lazily loaded font '../../../Engine/Content/Slate/Fonts/Roboto-Bold.ttf' (160K)
[2018.09.15-08.35.39:614][  0]LogSlate: Took 0.000751 seconds to synchronously load lazily loaded font '../../../Engine/Content/Editor/Slate/Fonts/FontAwesome.ttf' (139K)
[2018.09.15-08.35.39:795][  0]LogTexture: Display: Building textures: LevelGrid1DStripes (BGRA8, 4096X1)
[2018.09.15-08.35.39:795][  0]LogMaterial: Display: Missing cached shader map for material LevelGridMaterial2, compiling. 
[2018.09.15-08.35.39:988][  0]LogInit: Adding external input plugin.
[2018.09.15-08.35.40:016][  0]LogContentStreaming: Texture pool size now 1000 MB
[2018.09.15-08.35.40:772][  0]LogRenderer: Reallocating scene render targets to support 1004x468 Format 10 NumSamples 1 (Frame:1).
[2018.09.15-08.35.44:985][  0]LogShaderCompilers: Display: Shaders left to compile 111
[2018.09.15-08.35.48:745][  0]LogShaderCompilers: Display: Shaders left to compile 101
[2018.09.15-08.35.50:447][  0]LogLinux: Setting swap interval to 'Immediate'
[2018.09.15-08.35.50:607][  0]LogTexture: Display: Building textures: icon_tab_Levels_40x (BGRA8, 40X40)
[2018.09.15-08.35.50:607][  0]LogSlate: Took 0.000351 seconds to synchronously load lazily loaded font '../../../Engine/Content/Slate/Fonts/Roboto-Light.ttf' (167K)
[2018.09.15-08.35.50:628][  1]LogLinux: Scale at X=0.000000, Y=27.000000: 1.000000 (monitor=#0, HDPI=96.000000 (horz scale: 1.000000), VDPI=96.000000 (vert scale: 1.000000))
[2018.09.15-08.35.50:629][  1]LogLinux: Scale at X=800.000000, Y=450.000000: 1.000000 (monitor=#0, HDPI=96.000000 (horz scale: 1.000000), VDPI=96.000000 (vert scale: 1.000000))
[2018.09.15-08.35.50:629][  1]LogLinux: Scale at X=800.000000, Y=450.000000: 1.000000 (monitor=#0, HDPI=96.000000 (horz scale: 1.000000), VDPI=96.000000 (vert scale: 1.000000))
[2018.09.15-08.35.50:956][  3]LogLinux: Setting swap interval to 'Immediate'
[2018.09.15-08.35.51:009][  4]LogAssetRegistry: Asset discovery search completed in 122.2052 seconds
[2018.09.15-08.35.51:021][  4]LogCollectionManager: Rebuilt the object cache for 0 collections in 0.000001 seconds (found 0 objects)
[2018.09.15-08.35.51:021][  4]LogCollectionManager: Fixed up redirectors for 0 collections in 0.000191 seconds (updated 0 objects)
[2018.09.15-08.35.55:566][116]LogShaderCompilers: Display: Shaders left to compile 91
[2018.09.15-08.36.08:360][404]LogShaderCompilers: Display: Shaders left to compile 81
[2018.09.15-08.36.30:268][878]LogShaderCompilers: Display: Shaders left to compile 71
[2018.09.15-08.36.39:677][ 93]LogHttp: Warning: 0x7f3c99d20740: request failed, libcurl error: 6 (Couldn't resolve host name)
[2018.09.15-08.36.39:677][ 93]LogHttp: Warning: 0x7f3c99d20740: libcurl info message cache 0 (Could not resolve host: datarouter.ol.epicgames.com)
[2018.09.15-08.36.39:677][ 93]LogHttp: Warning: 0x7f3c99d20740: libcurl info message cache 1 (Closing connection 0)
[2018.09.15-08.36.40:097][103]LogShaderCompilers: Display: Shaders left to compile 61
[2018.09.15-08.36.51:147][355]LogShaderCompilers: Display: Shaders left to compile 51
[2018.09.15-08.36.51:949][372]LogShaderCompilers: Display: Shaders left to compile 41
[2018.09.15-08.37.05:602][680]LogShaderCompilers: Display: Shaders left to compile 31
[2018.09.15-08.37.12:234][828]LogShaderCompilers: Display: Shaders left to compile 21
[2018.09.15-08.37.16:000][913]LogShaderCompilers: Display: Shaders left to compile 11
[2018.09.15-08.37.31:471][260]LogShaderCompilers: Display: Shaders left to compile 1
[2018.09.15-08.38.39:738][846]LogHttp: Warning: 0x7f3ca114e840: request failed, libcurl error: 6 (Couldn't resolve host name)
[2018.09.15-08.38.39:739][846]LogHttp: Warning: 0x7f3ca114e840: libcurl info message cache 0 (Could not resolve host: datarouter.ol.epicgames.com)
[2018.09.15-08.38.39:739][846]LogHttp: Warning: 0x7f3ca114e840: libcurl info message cache 1 (Closing connection 1)
[2018.09.15-08.40.39:794][689]LogHttp: Warning: 0x7f3ca1149340: request failed, libcurl error: 6 (Couldn't resolve host name)
[2018.09.15-08.40.39:795][689]LogHttp: Warning: 0x7f3ca1149340: libcurl info message cache 0 (Could not resolve host: datarouter.ol.epicgames.com)
[2018.09.15-08.40.39:795][689]LogHttp: Warning: 0x7f3ca1149340: libcurl info message cache 1 (Closing connection 2)
[2018.09.15-08.42.39:851][530]LogHttp: Warning: 0x7f3ca2765740: request failed, libcurl error: 6 (Couldn't resolve host name)
[2018.09.15-08.42.39:851][530]LogHttp: Warning: 0x7f3ca2765740: libcurl info message cache 0 (Could not resolve host: datarouter.ol.epicgames.com)
[2018.09.15-08.42.39:851][530]LogHttp: Warning: 0x7f3ca2765740: libcurl info message cache 1 (Closing connection 3)
[2018.09.15-08.44.39:911][368]LogHttp: Warning: 0x7f3ca27631c0: request failed, libcurl error: 6 (Couldn't resolve host name)
[2018.09.15-08.44.39:912][368]LogHttp: Warning: 0x7f3ca27631c0: libcurl info message cache 0 (Could not resolve host: datarouter.ol.epicgames.com)
[2018.09.15-08.44.39:912][368]LogHttp: Warning: 0x7f3ca27631c0: libcurl info message cache 1 (Closing connection 4)
[2018.09.15-08.46.40:020][210]LogHttp: Warning: 0x7f3ca14881c0: request failed, libcurl error: 6 (Couldn't resolve host name)
[2018.09.15-08.46.40:021][210]LogHttp: Warning: 0x7f3ca14881c0: libcurl info message cache 0 (Could not resolve host: datarouter.ol.epicgames.com)
[2018.09.15-08.46.40:021][210]LogHttp: Warning: 0x7f3ca14881c0: libcurl info message cache 1 (Closing connection 5)
[2018.09.15-08.48.40:141][ 53]LogHttp: Warning: 0x7f3ca114c400: request failed, libcurl error: 6 (Couldn't resolve host name)
[2018.09.15-08.48.40:141][ 53]LogHttp: Warning: 0x7f3ca114c400: libcurl info message cache 0 (Could not resolve host: datarouter.ol.epicgames.com)
[2018.09.15-08.48.40:141][ 53]LogHttp: Warning: 0x7f3ca114c400: libcurl info message cache 1 (Closing connection 6)
[2018.09.15-08.50.40:232][897]LogHttp: Warning: 0x7f3ca11495c0: request failed, libcurl error: 6 (Couldn't resolve host name)
[2018.09.15-08.50.40:232][897]LogHttp: Warning: 0x7f3ca11495c0: libcurl info message cache 0 (Could not resolve host: datarouter.ol.epicgames.com)
[2018.09.15-08.50.40:232][897]LogHttp: Warning: 0x7f3ca11495c0: libcurl info message cache 1 (Closing connection 7)
[2018.09.15-08.52.40:271][739]LogHttp: Warning: 0x7f3ca2763800: request failed, libcurl error: 6 (Couldn't resolve host name)
[2018.09.15-08.52.40:271][739]LogHttp: Warning: 0x7f3ca2763800: libcurl info message cache 0 (Could not resolve host: datarouter.ol.epicgames.com)
[2018.09.15-08.52.40:271][739]LogHttp: Warning: 0x7f3ca2763800: libcurl info message cache 1 (Closing connection 8)
[2018.09.15-08.54.40:311][577]LogHttp: Warning: 0x7f3ca27631c0: request failed, libcurl error: 6 (Couldn't resolve host name)
[2018.09.15-08.54.40:311][577]LogHttp: Warning: 0x7f3ca27631c0: libcurl info message cache 0 (Could not resolve host: datarouter.ol.epicgames.com)
[2018.09.15-08.54.40:311][577]LogHttp: Warning: 0x7f3ca27631c0: libcurl info message cache 1 (Closing connection 9)
[2018.09.15-08.56.40:371][418]LogHttp: Warning: 0x7f3ca148ce00: request failed, libcurl error: 6 (Couldn't resolve host name)
[2018.09.15-08.56.40:372][418]LogHttp: Warning: 0x7f3ca148ce00: libcurl info message cache 0 (Could not resolve host: datarouter.ol.epicgames.com)
[2018.09.15-08.56.40:372][418]LogHttp: Warning: 0x7f3ca148ce00: libcurl info message cache 1 (Closing connection 10)
[2018.09.15-08.58.40:400][259]LogHttp: Warning: 0x7f3ca148b140: request failed, libcurl error: 6 (Couldn't resolve host name)
[2018.09.15-08.58.40:400][259]LogHttp: Warning: 0x7f3ca148b140: libcurl info message cache 0 (Could not resolve host: datarouter.ol.epicgames.com)
[2018.09.15-08.58.40:400][259]LogHttp: Warning: 0x7f3ca148b140: libcurl info message cache 1 (Closing connection 11)
[2018.09.15-09.00.40:450][102]LogHttp: Warning: 0x7f3ca1148f80: request failed, libcurl error: 6 (Couldn't resolve host name)
[2018.09.15-09.00.40:450][102]LogHttp: Warning: 0x7f3ca1148f80: libcurl info message cache 0 (Could not resolve host: datarouter.ol.epicgames.com)
[2018.09.15-09.00.40:450][102]LogHttp: Warning: 0x7f3ca1148f80: libcurl info message cache 1 (Closing connection 12)
[2018.09.15-09.01.58:516][922]LogLinux: Scale at X=800.000000, Y=450.000000: 1.000000 (monitor=#0, HDPI=96.000000 (horz scale: 1.000000), VDPI=96.000000 (vert scale: 1.000000))
[2018.09.15-09.01.58:652][924]LogLinux: Setting swap interval to 'Immediate'
[2018.09.15-09.02.40:523][855]LogHttp: Warning: 0x7f3ca2765b00: request failed, libcurl error: 6 (Couldn't resolve host name)
[2018.09.15-09.02.40:524][855]LogHttp: Warning: 0x7f3ca2765b00: libcurl info message cache 0 (Could not resolve host: datarouter.ol.epicgames.com)
[2018.09.15-09.02.40:524][855]LogHttp: Warning: 0x7f3ca2765b00: libcurl info message cache 1 (Closing connection 13)
[2018.09.15-09.04.40:593][518]LogHttp: Warning: 0x7f3ca2767680: request failed, libcurl error: 6 (Couldn't resolve host name)
[2018.09.15-09.04.40:593][518]LogHttp: Warning: 0x7f3ca2767680: libcurl info message cache 0 (Could not resolve host: datarouter.ol.epicgames.com)
[2018.09.15-09.04.40:593][518]LogHttp: Warning: 0x7f3ca2767680: libcurl info message cache 1 (Closing connection 14)
[2018.09.15-09.06.40:644][177]LogHttp: Warning: 0x7f3ca2765740: request failed, libcurl error: 6 (Couldn't resolve host name)
[2018.09.15-09.06.40:644][177]LogHttp: Warning: 0x7f3ca2765740: libcurl info message cache 0 (Could not resolve host: datarouter.ol.epicgames.com)
[2018.09.15-09.06.40:644][177]LogHttp: Warning: 0x7f3ca2765740: libcurl info message cache 1 (Closing connection 15)
[2018.09.15-09.08.40:722][969]LogHttp: Warning: 0x7f3ca2761640: request failed, libcurl error: 6 (Couldn't resolve host name)
[2018.09.15-09.08.40:722][969]LogHttp: Warning: 0x7f3ca2761640: libcurl info message cache 0 (Could not resolve host: datarouter.ol.epicgames.com)
[2018.09.15-09.08.40:723][969]LogHttp: Warning: 0x7f3ca2761640: libcurl info message cache 1 (Closing connection 16)
[2018.09.15-09.10.40:782][812]LogHttp: Warning: 0x7f3ca1488580: request failed, libcurl error: 6 (Couldn't resolve host name)
[2018.09.15-09.10.40:782][812]LogHttp: Warning: 0x7f3ca1488580: libcurl info message cache 0 (Could not resolve host: datarouter.ol.epicgames.com)
[2018.09.15-09.10.40:782][812]LogHttp: Warning: 0x7f3ca1488580: libcurl info message cache 1 (Closing connection 17)
[2018.09.15-09.12.20:851][166]LogSlate: FSceneViewport::OnFocusLost() reason 0
[2018.09.15-09.12.39:856][595]LogSlate: FSceneViewport::OnFocusLost() reason 0
[2018.09.15-09.12.40:056][603]LogLinux: Scale at X=0.000000, Y=27.000000: 1.000000 (monitor=#0, HDPI=96.000000 (horz scale: 1.000000), VDPI=96.000000 (vert scale: 1.000000))
[2018.09.15-09.12.40:143][603]LogSlate: Window 'CaveTree - Unreal Editor' being destroyed
[2018.09.15-09.12.40:315][604]Cmd: QUIT_EDITOR
[2018.09.15-09.12.40:395][604]LogSlate: Slate User Destroyed.  User Index 0, Is Virtual User: 0
[2018.09.15-09.12.40:395][604]LogExit: Preparing to exit.
